14:36:50 **** Incremental Build of configuration Debug for project HelloWorld ****
make all 
Building file: ../src/Copy of HelloWorld.cpp
Invoking: GCC C++ Compiler
g++ -O0 -g3 -Wall -c -fmessage-length=0 -MMD -MP -MF"src/Copy of HelloWorld.d" -MT"src/Copy\ of\ HelloWorld.d" -o "src/Copy of HelloWorld.o" "../src/Copy of HelloWorld.cpp"
Finished building: ../src/Copy of HelloWorld.cpp
 
Building target: HelloWorld
Invoking: GCC C++ Linker
g++  -o "HelloWorld"  ./src/Copy\ of\ HelloWorld.o ./src/HelloWorld.o   
./src/HelloWorld.o: In function `main':
/home/amitd92/CPP/HelloWorld/Debug/../src/HelloWorld.cpp:12: multiple definition of `main'
./src/Copy of HelloWorld.o:/home/amitd92/CPP/HelloWorld/Debug/../src/Copy of HelloWorld.cpp:12: first defined here
makefile:45: recipe for target 'HelloWorld' failed
collect2: error: ld returned 1 exit status
make: *** [HelloWorld] Error 1
14:37:14 **** Incremental Build of configuration Debug for project HelloWorld ****
make all 
Building target: HelloWorld
Invoking: GCC C++ Linker
g++  -o "HelloWorld"  ./src/HelloWorld.o   
Finished building target: HelloWorld
 
00:41:52 **** Clean-only build of configuration Debug for project HelloWorld ****
make clean 
rm -rf  ./src/HelloWorld.o  ./src/HelloWorld.d  HelloWorld
 
00:41:53 **** Build of configuration Debug for project HelloWorld ****
make all 
Building file: ../src/HelloWorld.cpp
Invoking: GCC C++ Compiler
g++ -O0 -g3 -Wall -c -fmessage-length=0 -MMD -MP -MF"src/HelloWorld.d" -MT"src/HelloWorld.d" -o "src/HelloWorld.o" "../src/HelloWorld.cpp"
Finished building: ../src/HelloWorld.cpp
 
Building target: HelloWorld
Invoking: GCC C++ Linker
g++  -o "HelloWorld"  ./src/HelloWorld.o   
Finished building target: HelloWorld
 
00:51:17 **** Incremental Build of configuration Debug for project HelloWorld ****
make all 
Building file: ../src/HelloWorld.cpp
Invoking: GCC C++ Compiler
g++ -O0 -g3 -Wall -c -fmessage-length=0 -MMD -MP -MF"src/HelloWorld.d" -MT"src/HelloWorld.d" -o "src/HelloWorld.o" "../src/HelloWorld.cpp"
Finished building: ../src/HelloWorld.cpp
 
Building file: ../src/Initiate.cpp
Invoking: GCC C++ Compiler
g++ -O0 -g3 -Wall -c -fmessage-length=0 -MMD -MP -MF"src/Initiate.d" -MT"src/Initiate.d" -o "src/Initiate.o" "../src/Initiate.cpp"
In file included from ../src/Initiate.cpp:8:0:
../src/Initiate.h:14:2: error: ‘string’ does not name a type
  string val;
  ^
src/subdir.mk:21: recipe for target 'src/Initiate.o' failed
../src/Initiate.h:16:17: error: field ‘string’ has incomplete type ‘Initiate’
  Initiate(string);
                 ^
../src/Initiate.h:12:7: note: definition of ‘class Initiate’ is not complete until the closing brace
 class Initiate {
       ^
../src/Initiate.cpp:10:19: error: expected constructor, destructor, or type conversion before ‘(’ token
 Initiate::Initiate(string s) {
                   ^
../src/Initiate.cpp: In member function ‘void Initiate::showVal()’:
../src/Initiate.cpp:15:2: error: ‘cout’ was not declared in this scope
  cout<< this->val << endl;
  ^
../src/Initiate.cpp:15:15: error: ‘class Initiate’ has no member named ‘val’
  cout<< this->val << endl;
               ^
../src/Initiate.cpp:15:22: error: ‘endl’ was not declared in this scope
  cout<< this->val << endl;
                      ^
make: *** [src/Initiate.o] Error 1
00:52:08 **** Incremental Build of configuration Debug for project HelloWorld ****
make all 
Building file: ../src/Initiate.cpp
Invoking: GCC C++ Compiler
g++ -O0 -g3 -Wall -c -fmessage-length=0 -MMD -MP -MF"src/Initiate.d" -MT"src/Initiate.d" -o "src/Initiate.o" "../src/Initiate.cpp"
Finished building: ../src/Initiate.cpp
 
Building target: HelloWorld
Invoking: GCC C++ Linker
g++  -o "HelloWorld"  ./src/HelloWorld.o ./src/Initiate.o   
Finished building target: HelloWorld
 
00:53:44 **** Incremental Build of configuration Debug for project HelloWorld ****
make all 
Building file: ../src/HelloWorld.cpp
Invoking: GCC C++ Compiler
g++ -O0 -g3 -Wall -c -fmessage-length=0 -MMD -MP -MF"src/HelloWorld.d" -MT"src/HelloWorld.d" -o "src/HelloWorld.o" "../src/HelloWorld.cpp"
Finished building: ../src/HelloWorld.cpp
 
Building target: HelloWorld
Invoking: GCC C++ Linker
g++  -o "HelloWorld"  ./src/HelloWorld.o ./src/Initiate.o   
Finished building target: HelloWorld
 
00:54:18 **** Incremental Build of configuration Debug for project HelloWorld ****
make all 
Building file: ../src/HelloWorld.cpp
Invoking: GCC C++ Compiler
g++ -O0 -g3 -Wall -c -fmessage-length=0 -MMD -MP -MF"src/HelloWorld.d" -MT"src/HelloWorld.d" -o "src/HelloWorld.o" "../src/HelloWorld.cpp"
Finished building: ../src/HelloWorld.cpp
 
Building target: HelloWorld
Invoking: GCC C++ Linker
g++  -o "HelloWorld"  ./src/HelloWorld.o ./src/Initiate.o   
Finished building target: HelloWorld
 
17:11:58 **** Incremental Build of configuration Debug for project HelloWorld ****
make all 
Building file: ../src/HelloWorld.cpp
Invoking: GCC C++ Compiler
g++ -O0 -g3 -Wall -c -fmessage-length=0 -MMD -MP -MF"src/HelloWorld.d" -MT"src/HelloWorld.d" -o "src/HelloWorld.o" "../src/HelloWorld.cpp"
../src/HelloWorld.cpp: In function ‘int main()’:
../src/HelloWorld.cpp:17:34: error: conversion from ‘std::vector<int>*’ to non-scalar type ‘std::vector<int>’ requested
  vector<int> v = new vector<int>();
                                  ^
make: *** [src/HelloWorld.o] Error 1
src/subdir.mk:21: recipe for target 'src/HelloWorld.o' failed
17:12:14 **** Incremental Build of configuration Debug for project HelloWorld ****
make all 
Building file: ../src/HelloWorld.cpp
Invoking: GCC C++ Compiler
g++ -O0 -g3 -Wall -c -fmessage-length=0 -MMD -MP -MF"src/HelloWorld.d" -MT"src/HelloWorld.d" -o "src/HelloWorld.o" "../src/HelloWorld.cpp"
../src/HelloWorld.cpp: In function ‘int main()’:
../src/HelloWorld.cpp:17:22: error: conversion from ‘std::vector<int>*’ to non-scalar type ‘std::vector<int>’ requested
  vector<int> v = new vector<int>;
                      ^
src/subdir.mk:21: recipe for target 'src/HelloWorld.o' failed
make: *** [src/HelloWorld.o] Error 1
17:12:26 **** Incremental Build of configuration Debug for project HelloWorld ****
make all 
Building file: ../src/HelloWorld.cpp
Invoking: GCC C++ Compiler
g++ -O0 -g3 -Wall -c -fmessage-length=0 -MMD -MP -MF"src/HelloWorld.d" -MT"src/HelloWorld.d" -o "src/HelloWorld.o" "../src/HelloWorld.cpp"
../src/HelloWorld.cpp: In function ‘int main()’:
../src/HelloWorld.cpp:17:34: error: conversion from ‘std::vector<int>*’ to non-scalar type ‘std::vector<int>’ requested
  vector<int> v = new vector<int>();
                                  ^
make: *** [src/HelloWorld.o] Error 1
src/subdir.mk:21: recipe for target 'src/HelloWorld.o' failed
17:13:00 **** Incremental Build of configuration Debug for project HelloWorld ****
make all 
Building file: ../src/HelloWorld.cpp
Invoking: GCC C++ Compiler
g++ -O0 -g3 -Wall -c -fmessage-length=0 -MMD -MP -MF"src/HelloWorld.d" -MT"src/HelloWorld.d" -o "src/HelloWorld.o" "../src/HelloWorld.cpp"
Finished building: ../src/HelloWorld.cpp
 
Building target: HelloWorld
Invoking: GCC C++ Linker
g++  -o "HelloWorld"  ./src/HelloWorld.o ./src/Initiate.o   
Finished building target: HelloWorld
 
17:13:13 **** Incremental Build of configuration Debug for project HelloWorld ****
make all 
Building file: ../src/HelloWorld.cpp
Invoking: GCC C++ Compiler
g++ -O0 -g3 -Wall -c -fmessage-length=0 -MMD -MP -MF"src/HelloWorld.d" -MT"src/HelloWorld.d" -o "src/HelloWorld.o" "../src/HelloWorld.cpp"
Finished building: ../src/HelloWorld.cpp
 
Building target: HelloWorld
Invoking: GCC C++ Linker
g++  -o "HelloWorld"  ./src/HelloWorld.o ./src/Initiate.o   
Finished building target: HelloWorld
 
17:13:25 **** Incremental Build of configuration Debug for project HelloWorld ****
make all 
Building file: ../src/HelloWorld.cpp
Invoking: GCC C++ Compiler
g++ -O0 -g3 -Wall -c -fmessage-length=0 -MMD -MP -MF"src/HelloWorld.d" -MT"src/HelloWorld.d" -o "src/HelloWorld.o" "../src/HelloWorld.cpp"
Finished building: ../src/HelloWorld.cpp
 
Building target: HelloWorld
Invoking: GCC C++ Linker
g++  -o "HelloWorld"  ./src/HelloWorld.o ./src/Initiate.o   
Finished building target: HelloWorld
 
17:41:22 **** Build of configuration Debug for project DaysInMonth ****
make all 
Building file: ../DaysInMonth.cpp
Invoking: GCC C++ Compiler
g++ -O0 -g3 -Wall -c -fmessage-length=0 -MMD -MP -MF"DaysInMonth.d" -MT"DaysInMonth.d" -o "DaysInMonth.o" "../DaysInMonth.cpp"
Finished building: ../DaysInMonth.cpp
 
Building target: DaysInMonth
Invoking: GCC C++ Linker
g++  -o "DaysInMonth"  ./DaysInMonth.o   
/usr/lib/gcc/x86_64-linux-gnu/5/../../../x86_64-linux-gnu/crt1.o: In function `_start':
(.text+0x20): undefined reference to `main'
makefile:44: recipe for target 'DaysInMonth' failed
collect2: error: ld returned 1 exit status
make: *** [DaysInMonth] Error 1
18:00:05 **** Build of configuration Debug for project DaysInMonthCodeChef ****
make all 
Building file: ../src/DaysInMonthCodeChef.cpp
Invoking: GCC C++ Compiler
g++ -O0 -g3 -Wall -c -fmessage-length=0 -MMD -MP -MF"src/DaysInMonthCodeChef.d" -MT"src/DaysInMonthCodeChef.d" -o "src/DaysInMonthCodeChef.o" "../src/DaysInMonthCodeChef.cpp"
../src/DaysInMonthCodeChef.cpp: In function ‘int main()’:
../src/DaysInMonthCodeChef.cpp:17:24: error: ‘>>’ should be ‘> >’ within a nested template argument list
  vector<pair<int,string>> *inp = new vector<pair<int,string>>;
                        ^
../src/DaysInMonthCodeChef.cpp:17:60: error: ‘>>’ should be ‘> >’ within a nested template argument list
  vector<pair<int,string>> *inp = new vector<pair<int,string>>;
                                                            ^
../src/DaysInMonthCodeChef.cpp:22:21: error: no matching function for call to ‘std::__cxx11::basic_stringstream<char>::basic_stringstream(std::__cxx11::string*)’
   stringstream ss(&s);
                     ^
In file included from ../src/DaysInMonthCodeChef.cpp:12:0:
/usr/include/c++/5/sstream:706:7: note: candidate: std::__cxx11::basic_stringstream<_CharT, _Traits, _Alloc>::basic_stringstream(const __string_type&, std::ios_base::openmode) [with _CharT = char; _Traits = std::char_traits<char>; _Alloc = std::allocator<char>; std::__cxx11::basic_stringstream<_CharT, _Traits, _Alloc>::__string_type = std::__cxx11::basic_string<char>; std::ios_base::openmode = std::_Ios_Openmode]
       basic_stringstream(const __string_type& __str,
       ^
/usr/include/c++/5/sstream:706:7: note:   no known conversion for argument 1 from ‘std::__cxx11::string* {aka std::__cxx11::basic_string<char>*}’ to ‘const __string_type& {aka const std::__cxx11::basic_string<char>&}’
/usr/include/c++/5/sstream:690:7: note: candidate: std::__cxx11::basic_stringstream<_CharT, _Traits, _Alloc>::basic_stringstream(std::ios_base::openmode) [with _CharT = char; _Traits = std::char_traits<char>; _Alloc = std::allocator<char>; std::ios_base::openmode = std::_Ios_Openmode]
       basic_stringstream(ios_base::openmode __m = ios_base::out | ios_base::in)
       ^
/usr/include/c++/5/sstream:690:7: note:   no known conversion for argument 1 from ‘std::__cxx11::string* {aka std::__cxx11::basic_string<char>*}’ to ‘std::ios_base::openmode {aka std::_Ios_Openmode}’
/usr/include/c++/5/sstream:655:11: note: candidate: std::__cxx11::basic_stringstream<char>::basic_stringstream(const std::__cxx11::basic_stringstream<char>&)
     class basic_stringstream : public basic_iostream<_CharT, _Traits>
           ^
/usr/include/c++/5/sstream:655:11: note:   no known conversion for argument 1 from ‘std::__cxx11::string* {aka std::__cxx11::basic_string<char>*}’ to ‘const std::__cxx11::basic_stringstream<char>&’
../src/DaysInMonthCodeChef.cpp:24:29: error: no matching function for call to ‘getline(std::stringstream&, std::__cxx11::string&, const char [2])’
   while(getline(ss,token," ")){
                             ^
In file included from /usr/include/c++/5/string:53:0,
                 from /usr/include/c++/5/bits/locale_classes.h:40,
                 from /usr/include/c++/5/bits/ios_base.h:41,
                 from /usr/include/c++/5/ios:42,
                 from /usr/include/c++/5/ostream:38,
                 from /usr/include/c++/5/iostream:39,
                 from ../src/DaysInMonthCodeChef.cpp:9:
/usr/include/c++/5/bits/basic_string.tcc:1513:5: note: candidate: template<class _CharT, class _Traits, class _Alloc> std::basic_istream<_CharT, _Traits>& std::getline(std::basic_istream<_CharT, _Traits>&, std::__cxx11::basic_string<_CharT, _Traits, _Alloc>&, _CharT)
     getline(basic_istream<_CharT, _Traits>& __in,
     ^
/usr/include/c++/5/bits/basic_string.tcc:1513:5: note:   template argument deduction/substitution failed:
../src/DaysInMonthCodeChef.cpp:24:29: note:   deduced conflicting types for parameter ‘_CharT’ (‘char’ and ‘const char*’)
   while(getline(ss,token," ")){
                             ^
In file included from /usr/include/c++/5/string:52:0,
                 from /usr/include/c++/5/bits/locale_classes.h:40,
                 from /usr/include/c++/5/bits/ios_base.h:41,
                 from /usr/include/c++/5/ios:42,
                 from /usr/include/c++/5/ostream:38,
                 from /usr/include/c++/5/iostream:39,
                 from ../src/DaysInMonthCodeChef.cpp:9:
/usr/include/c++/5/bits/basic_string.h:5212:5: note: candidate: template<class _CharT, class _Traits, class _Alloc> std::basic_istream<_CharT, _Traits>& std::getline(std::basic_istream<_CharT, _Traits>&, std::__cxx11::basic_string<_CharT, _Traits, _Alloc>&)
     getline(basic_istream<_CharT, _Traits>& __is,
     ^
/usr/include/c++/5/bits/basic_string.h:5212:5: note:   template argument deduction/substitution failed:
../src/DaysInMonthCodeChef.cpp:24:29: note:   candidate expects 2 arguments, 3 provided
   while(getline(ss,token," ")){
                             ^
../src/DaysInMonthCodeChef.cpp:17:28: warning: unused variable ‘inp’ [-Wunused-variable]
  vector<pair<int,string>> *inp = new vector<pair<int,string>>;
                            ^
src/subdir.mk:18: recipe for target 'src/DaysInMonthCodeChef.o' failed
make: *** [src/DaysInMonthCodeChef.o] Error 1
18:02:12 **** Incremental Build of configuration Debug for project DaysInMonthCodeChef ****
make all 
Building file: ../src/DaysInMonthCodeChef.cpp
Invoking: GCC C++ Compiler
g++ -O0 -g3 -Wall -c -fmessage-length=0 -MMD -MP -MF"src/DaysInMonthCodeChef.d" -MT"src/DaysInMonthCodeChef.d" -o "src/DaysInMonthCodeChef.o" "../src/DaysInMonthCodeChef.cpp"
../src/DaysInMonthCodeChef.cpp: In function ‘int main()’:
../src/DaysInMonthCodeChef.cpp:22:21: error: no matching function for call to ‘std::__cxx11::basic_stringstream<char>::basic_stringstream(std::__cxx11::string*)’
   stringstream ss(&s);
                     ^
In file included from ../src/DaysInMonthCodeChef.cpp:12:0:
/usr/include/c++/5/sstream:706:7: note: candidate: std::__cxx11::basic_stringstream<_CharT, _Traits, _Alloc>::basic_stringstream(const __string_type&, std::ios_base::openmode) [with _CharT = char; _Traits = std::char_traits<char>; _Alloc = std::allocator<char>; std::__cxx11::basic_stringstream<_CharT, _Traits, _Alloc>::__string_type = std::__cxx11::basic_string<char>; std::ios_base::openmode = std::_Ios_Openmode]
       basic_stringstream(const __string_type& __str,
       ^
/usr/include/c++/5/sstream:706:7: note:   no known conversion for argument 1 from ‘std::__cxx11::string* {aka std::__cxx11::basic_string<char>*}’ to ‘const __string_type& {aka const std::__cxx11::basic_string<char>&}’
/usr/include/c++/5/sstream:690:7: note: candidate: std::__cxx11::basic_stringstream<_CharT, _Traits, _Alloc>::basic_stringstream(std::ios_base::openmode) [with _CharT = char; _Traits = std::char_traits<char>; _Alloc = std::allocator<char>; std::ios_base::openmode = std::_Ios_Openmode]
       basic_stringstream(ios_base::openmode __m = ios_base::out | ios_base::in)
       ^
/usr/include/c++/5/sstream:690:7: note:   no known conversion for argument 1 from ‘std::__cxx11::string* {aka std::__cxx11::basic_string<char>*}’ to ‘std::ios_base::openmode {aka std::_Ios_Openmode}’
/usr/include/c++/5/sstream:655:11: note: candidate: std::__cxx11::basic_stringstream<char>::basic_stringstream(const std::__cxx11::basic_stringstream<char>&)
     class basic_stringstream : public basic_iostream<_CharT, _Traits>
           ^
/usr/include/c++/5/sstream:655:11: note:   no known conversion for argument 1 from ‘std::__cxx11::string* {aka std::__cxx11::basic_string<char>*}’ to ‘const std::__cxx11::basic_stringstream<char>&’
../src/DaysInMonthCodeChef.cpp:24:29: error: no matching function for call to ‘getline(std::stringstream&, std::__cxx11::string&, const char [2])’
   while(getline(ss,token," ")){
                             ^
In file included from /usr/include/c++/5/string:53:0,
                 from /usr/include/c++/5/bits/locale_classes.h:40,
                 from /usr/include/c++/5/bits/ios_base.h:41,
                 from /usr/include/c++/5/ios:42,
                 from /usr/include/c++/5/ostream:38,
                 from /usr/include/c++/5/iostream:39,
                 from ../src/DaysInMonthCodeChef.cpp:9:
/usr/include/c++/5/bits/basic_string.tcc:1513:5: note: candidate: template<class _CharT, class _Traits, class _Alloc> std::basic_istream<_CharT, _Traits>& std::getline(std::basic_istream<_CharT, _Traits>&, std::__cxx11::basic_string<_CharT, _Traits, _Alloc>&, _CharT)
     getline(basic_istream<_CharT, _Traits>& __in,
     ^
/usr/include/c++/5/bits/basic_string.tcc:1513:5: note:   template argument deduction/substitution failed:
../src/DaysInMonthCodeChef.cpp:24:29: note:   deduced conflicting types for parameter ‘_CharT’ (‘char’ and ‘const char*’)
   while(getline(ss,token," ")){
                             ^
In file included from /usr/include/c++/5/string:52:0,
                 from /usr/include/c++/5/bits/locale_classes.h:40,
                 from /usr/include/c++/5/bits/ios_base.h:41,
                 from /usr/include/c++/5/ios:42,
                 from /usr/include/c++/5/ostream:38,
                 from /usr/include/c++/5/iostream:39,
                 from ../src/DaysInMonthCodeChef.cpp:9:
/usr/include/c++/5/bits/basic_string.h:5212:5: note: candidate: template<class _CharT, class _Traits, class _Alloc> std::basic_istream<_CharT, _Traits>& std::getline(std::basic_istream<_CharT, _Traits>&, std::__cxx11::basic_string<_CharT, _Traits, _Alloc>&)
     getline(basic_istream<_CharT, _Traits>& __is,
     ^
/usr/include/c++/5/bits/basic_string.h:5212:5: note:   template argument deduction/substitution failed:
../src/DaysInMonthCodeChef.cpp:24:29: note:   candidate expects 2 arguments, 3 provided
   while(getline(ss,token," ")){
                             ^
../src/DaysInMonthCodeChef.cpp:17:30: warning: unused variable ‘inp’ [-Wunused-variable]
  vector< pair<int,string> > *inp = new vector< pair<int,string> >;
                              ^
src/subdir.mk:18: recipe for target 'src/DaysInMonthCodeChef.o' failed
make: *** [src/DaysInMonthCodeChef.o] Error 1
18:02:26 **** Incremental Build of configuration Debug for project DaysInMonthCodeChef ****
make all 
Building file: ../src/DaysInMonthCodeChef.cpp
Invoking: GCC C++ Compiler
g++ -O0 -g3 -Wall -c -fmessage-length=0 -MMD -MP -MF"src/DaysInMonthCodeChef.d" -MT"src/DaysInMonthCodeChef.d" -o "src/DaysInMonthCodeChef.o" "../src/DaysInMonthCodeChef.cpp"
../src/DaysInMonthCodeChef.cpp: In function ‘int main()’:
../src/DaysInMonthCodeChef.cpp:24:29: error: no matching function for call to ‘getline(std::stringstream&, std::__cxx11::string&, const char [2])’
   while(getline(ss,token," ")){
                             ^
In file included from /usr/include/c++/5/string:53:0,
                 from /usr/include/c++/5/bits/locale_classes.h:40,
                 from /usr/include/c++/5/bits/ios_base.h:41,
                 from /usr/include/c++/5/ios:42,
                 from /usr/include/c++/5/ostream:38,
                 from /usr/include/c++/5/iostream:39,
                 from ../src/DaysInMonthCodeChef.cpp:9:
/usr/include/c++/5/bits/basic_string.tcc:1513:5: note: candidate: template<class _CharT, class _Traits, class _Alloc> std::basic_istream<_CharT, _Traits>& std::getline(std::basic_istream<_CharT, _Traits>&, std::__cxx11::basic_string<_CharT, _Traits, _Alloc>&, _CharT)
     getline(basic_istream<_CharT, _Traits>& __in,
     ^
/usr/include/c++/5/bits/basic_string.tcc:1513:5: note:   template argument deduction/substitution failed:
../src/DaysInMonthCodeChef.cpp:24:29: note:   deduced conflicting types for parameter ‘_CharT’ (‘char’ and ‘const char*’)
   while(getline(ss,token," ")){
                             ^
In file included from /usr/include/c++/5/string:52:0,
                 from /usr/include/c++/5/bits/locale_classes.h:40,
                 from /usr/include/c++/5/bits/ios_base.h:41,
                 from /usr/include/c++/5/ios:42,
                 from /usr/include/c++/5/ostream:38,
                 from /usr/include/c++/5/iostream:39,
                 from ../src/DaysInMonthCodeChef.cpp:9:
/usr/include/c++/5/bits/basic_string.h:5212:5: note: candidate: template<class _CharT, class _Traits, class _Alloc> std::basic_istream<_CharT, _Traits>& std::getline(std::basic_istream<_CharT, _Traits>&, std::__cxx11::basic_string<_CharT, _Traits, _Alloc>&)
     getline(basic_istream<_CharT, _Traits>& __is,
     ^
/usr/include/c++/5/bits/basic_string.h:5212:5: note:   template argument deduction/substitution failed:
../src/DaysInMonthCodeChef.cpp:24:29: note:   candidate expects 2 arguments, 3 provided
   while(getline(ss,token," ")){
                             ^
../src/DaysInMonthCodeChef.cpp:17:30: warning: unused variable ‘inp’ [-Wunused-variable]
  vector< pair<int,string> > *inp = new vector< pair<int,string> >;
                              ^
src/subdir.mk:18: recipe for target 'src/DaysInMonthCodeChef.o' failed
make: *** [src/DaysInMonthCodeChef.o] Error 1
18:04:22 **** Incremental Build of configuration Debug for project DaysInMonthCodeChef ****
make all 
Building file: ../src/DaysInMonthCodeChef.cpp
Invoking: GCC C++ Compiler
g++ -O0 -g3 -Wall -c -fmessage-length=0 -MMD -MP -MF"src/DaysInMonthCodeChef.d" -MT"src/DaysInMonthCodeChef.d" -o "src/DaysInMonthCodeChef.o" "../src/DaysInMonthCodeChef.cpp"
../src/DaysInMonthCodeChef.cpp: In function ‘int main()’:
../src/DaysInMonthCodeChef.cpp:22:6: error: no match for ‘operator>>’ (operand types are ‘std::istream {aka std::basic_istream<char>}’ and ‘const string {aka const std::__cxx11::basic_string<char>}’)
   cin>>s;
      ^
In file included from /usr/include/c++/5/iostream:40:0,
                 from ../src/DaysInMonthCodeChef.cpp:9:
/usr/include/c++/5/istream:120:7: note: candidate: std::basic_istream<_CharT, _Traits>::__istream_type& std::basic_istream<_CharT, _Traits>::operator>>(std::basic_istream<_CharT, _Traits>::__istream_type& (*)(std::basic_istream<_CharT, _Traits>::__istream_type&)) [with _CharT = char; _Traits = std::char_traits<char>; std::basic_istream<_CharT, _Traits>::__istream_type = std::basic_istream<char>]
       operator>>(__istream_type& (*__pf)(__istream_type&))
       ^
/usr/include/c++/5/istream:120:7: note:   no known conversion for argument 1 from ‘const string {aka const std::__cxx11::basic_string<char>}’ to ‘std::basic_istream<char>::__istream_type& (*)(std::basic_istream<char>::__istream_type&) {aka std::basic_istream<char>& (*)(std::basic_istream<char>&)}’
/usr/include/c++/5/istream:124:7: note: candidate: std::basic_istream<_CharT, _Traits>::__istream_type& std::basic_istream<_CharT, _Traits>::operator>>(std::basic_istream<_CharT, _Traits>::__ios_type& (*)(std::basic_istream<_CharT, _Traits>::__ios_type&)) [with _CharT = char; _Traits = std::char_traits<char>; std::basic_istream<_CharT, _Traits>::__istream_type = std::basic_istream<char>; std::basic_istream<_CharT, _Traits>::__ios_type = std::basic_ios<char>]
       operator>>(__ios_type& (*__pf)(__ios_type&))
       ^
/usr/include/c++/5/istream:124:7: note:   no known conversion for argument 1 from ‘const string {aka const std::__cxx11::basic_string<char>}’ to ‘std::basic_istream<char>::__ios_type& (*)(std::basic_istream<char>::__ios_type&) {aka std::basic_ios<char>& (*)(std::basic_ios<char>&)}’
/usr/include/c++/5/istream:131:7: note: candidate: std::basic_istream<_CharT, _Traits>::__istream_type& std::basic_istream<_CharT, _Traits>::operator>>(std::ios_base& (*)(std::ios_base&)) [with _CharT = char; _Traits = std::char_traits<char>; std::basic_istream<_CharT, _Traits>::__istream_type = std::basic_istream<char>]
       operator>>(ios_base& (*__pf)(ios_base&))
       ^
/usr/include/c++/5/istream:131:7: note:   no known conversion for argument 1 from ‘const string {aka const std::__cxx11::basic_string<char>}’ to ‘std::ios_base& (*)(std::ios_base&)’
/usr/include/c++/5/istream:168:7: note: candidate: std::basic_istream<_CharT, _Traits>::__istream_type& std::basic_istream<_CharT, _Traits>::operator>>(bool&) [with _CharT = char; _Traits = std::char_traits<char>; std::basic_istream<_CharT, _Traits>::__istream_type = std::basic_istream<char>]
       operator>>(bool& __n)
       ^
/usr/include/c++/5/istream:168:7: note:   no known conversion for argument 1 from ‘const string {aka const std::__cxx11::basic_string<char>}’ to ‘bool&’
/usr/include/c++/5/istream:172:7: note: candidate: std::basic_istream<_CharT, _Traits>& std::basic_istream<_CharT, _Traits>::operator>>(short int&) [with _CharT = char; _Traits = std::char_traits<char>]
       operator>>(short& __n);
       ^
/usr/include/c++/5/istream:172:7: note:   no known conversion for argument 1 from ‘const string {aka const std::__cxx11::basic_string<char>}’ to ‘short int&’
/usr/include/c++/5/istream:175:7: note: candidate: std::basic_istream<_CharT, _Traits>::__istream_type& std::basic_istream<_CharT, _Traits>::operator>>(short unsigned int&) [with _CharT = char; _Traits = std::char_traits<char>; std::basic_istream<_CharT, _Traits>::__istream_type = std::basic_istream<char>]
       operator>>(unsigned short& __n)
       ^
/usr/include/c++/5/istream:175:7: note:   no known conversion for argument 1 from ‘const string {aka const std::__cxx11::basic_string<char>}’ to ‘short unsigned int&’
/usr/include/c++/5/istream:179:7: note: candidate: std::basic_istream<_CharT, _Traits>& std::basic_istream<_CharT, _Traits>::operator>>(int&) [with _CharT = char; _Traits = std::char_traits<char>]
       operator>>(int& __n);
       ^
/usr/include/c++/5/istream:179:7: note:   no known conversion for argument 1 from ‘const string {aka const std::__cxx11::basic_string<char>}’ to ‘int&’
/usr/include/c++/5/istream:182:7: note: candidate: std::basic_istream<_CharT, _Traits>::__istream_type& std::basic_istream<_CharT, _Traits>::operator>>(unsigned int&) [with _CharT = char; _Traits = std::char_traits<char>; std::basic_istream<_CharT, _Traits>::__istream_type = std::basic_istream<char>]
       operator>>(unsigned int& __n)
       ^
/usr/include/c++/5/istream:182:7: note:   no known conversion for argument 1 from ‘const string {aka const std::__cxx11::basic_string<char>}’ to ‘unsigned int&’
/usr/include/c++/5/istream:186:7: note: candidate: std::basic_istream<_CharT, _Traits>::__istream_type& std::basic_istream<_CharT, _Traits>::operator>>(long int&) [with _CharT = char; _Traits = std::char_traits<char>; std::basic_istream<_CharT, _Traits>::__istream_type = std::basic_istream<char>]
       operator>>(long& __n)
       ^
/usr/include/c++/5/istream:186:7: note:   no known conversion for argument 1 from ‘const string {aka const std::__cxx11::basic_string<char>}’ to ‘long int&’
/usr/include/c++/5/istream:190:7: note: candidate: std::basic_istream<_CharT, _Traits>::__istream_type& std::basic_istream<_CharT, _Traits>::operator>>(long unsigned int&) [with _CharT = char; _Traits = std::char_traits<char>; std::basic_istream<_CharT, _Traits>::__istream_type = std::basic_istream<char>]
       operator>>(unsigned long& __n)
       ^
/usr/include/c++/5/istream:190:7: note:   no known conversion for argument 1 from ‘const string {aka const std::__cxx11::basic_string<char>}’ to ‘long unsigned int&’
/usr/include/c++/5/istream:195:7: note: candidate: std::basic_istream<_CharT, _Traits>::__istream_type& std::basic_istream<_CharT, _Traits>::operator>>(long long int&) [with _CharT = char; _Traits = std::char_traits<char>; std::basic_istream<_CharT, _Traits>::__istream_type = std::basic_istream<char>]
       operator>>(long long& __n)
       ^
/usr/include/c++/5/istream:195:7: note:   no known conversion for argument 1 from ‘const string {aka const std::__cxx11::basic_string<char>}’ to ‘long long int&’
/usr/include/c++/5/istream:199:7: note: candidate: std::basic_istream<_CharT, _Traits>::__istream_type& std::basic_istream<_CharT, _Traits>::operator>>(long long unsigned int&) [with _CharT = char; _Traits = std::char_traits<char>; std::basic_istream<_CharT, _Traits>::__istream_type = std::basic_istream<char>]
       operator>>(unsigned long long& __n)
       ^
/usr/include/c++/5/istream:199:7: note:   no known conversion for argument 1 from ‘const string {aka const std::__cxx11::basic_string<char>}’ to ‘long long unsigned int&’
/usr/include/c++/5/istream:214:7: note: candidate: std::basic_istream<_CharT, _Traits>::__istream_type& std::basic_istream<_CharT, _Traits>::operator>>(float&) [with _CharT = char; _Traits = std::char_traits<char>; std::basic_istream<_CharT, _Traits>::__istream_type = std::basic_istream<char>]
       operator>>(float& __f)
       ^
/usr/include/c++/5/istream:214:7: note:   no known conversion for argument 1 from ‘const string {aka const std::__cxx11::basic_string<char>}’ to ‘float&’
/usr/include/c++/5/istream:218:7: note: candidate: std::basic_istream<_CharT, _Traits>::__istream_type& std::basic_istream<_CharT, _Traits>::operator>>(double&) [with _CharT = char; _Traits = std::char_traits<char>; std::basic_istream<_CharT, _Traits>::__istream_type = std::basic_istream<char>]
       operator>>(double& __f)
       ^
/usr/include/c++/5/istream:218:7: note:   no known conversion for argument 1 from ‘const string {aka const std::__cxx11::basic_string<char>}’ to ‘double&’
/usr/include/c++/5/istream:222:7: note: candidate: std::basic_istream<_CharT, _Traits>::__istream_type& std::basic_istream<_CharT, _Traits>::operator>>(long double&) [with _CharT = char; _Traits = std::char_traits<char>; std::basic_istream<_CharT, _Traits>::__istream_type = std::basic_istream<char>]
       operator>>(long double& __f)
       ^
/usr/include/c++/5/istream:222:7: note:   no known conversion for argument 1 from ‘const string {aka const std::__cxx11::basic_string<char>}’ to ‘long double&’
/usr/include/c++/5/istream:235:7: note: candidate: std::basic_istream<_CharT, _Traits>::__istream_type& std::basic_istream<_CharT, _Traits>::operator>>(void*&) [with _CharT = char; _Traits = std::char_traits<char>; std::basic_istream<_CharT, _Traits>::__istream_type = std::basic_istream<char>]
       operator>>(void*& __p)
       ^
/usr/include/c++/5/istream:235:7: note:   no known conversion for argument 1 from ‘const string {aka const std::__cxx11::basic_string<char>}’ to ‘void*&’
/usr/include/c++/5/istream:259:7: note: candidate: std::basic_istream<_CharT, _Traits>& std::basic_istream<_CharT, _Traits>::operator>>(std::basic_istream<_CharT, _Traits>::__streambuf_type*) [with _CharT = char; _Traits = std::char_traits<char>; std::basic_istream<_CharT, _Traits>::__streambuf_type = std::basic_streambuf<char>]
       operator>>(__streambuf_type* __sb);
       ^
/usr/include/c++/5/istream:259:7: note:   no known conversion for argument 1 from ‘const string {aka const std::__cxx11::basic_string<char>}’ to ‘std::basic_istream<char>::__streambuf_type* {aka std::basic_streambuf<char>*}’
In file included from /usr/include/c++/5/string:53:0,
                 from /usr/include/c++/5/bits/locale_classes.h:40,
                 from /usr/include/c++/5/bits/ios_base.h:41,
                 from /usr/include/c++/5/ios:42,
                 from /usr/include/c++/5/ostream:38,
                 from /usr/include/c++/5/iostream:39,
                 from ../src/DaysInMonthCodeChef.cpp:9:
/usr/include/c++/5/bits/basic_string.tcc:1441:5: note: candidate: template<class _CharT, class _Traits, class _Alloc> std::basic_istream<_CharT, _Traits>& std::operator>>(std::basic_istream<_CharT, _Traits>&, std::__cxx11::basic_string<_CharT, _Traits, _Alloc>&)
     operator>>(basic_istream<_CharT, _Traits>& __in,
     ^
/usr/include/c++/5/bits/basic_string.tcc:1441:5: note:   template argument deduction/substitution failed:
../src/DaysInMonthCodeChef.cpp:22:8: note:   types ‘std::__cxx11::basic_string<_CharT, _Traits, _Alloc>’ and ‘const string {aka const std::__cxx11::basic_string<char>}’ have incompatible cv-qualifiers
   cin>>s;
src/subdir.mk:18: recipe for target 'src/DaysInMonthCodeChef.o' failed
        ^
In file included from /usr/include/c++/5/istream:934:0,
                 from /usr/include/c++/5/iostream:40,
                 from ../src/DaysInMonthCodeChef.cpp:9:
/usr/include/c++/5/bits/istream.tcc:955:5: note: candidate: template<class _CharT2, class _Traits2> std::basic_istream<_CharT, _Traits>& std::operator>>(std::basic_istream<_CharT, _Traits>&, _CharT2*)
     operator>>(basic_istream<_CharT, _Traits>& __in, _CharT* __s)
     ^
/usr/include/c++/5/bits/istream.tcc:955:5: note:   template argument deduction/substitution failed:
../src/DaysInMonthCodeChef.cpp:22:8: note:   mismatched types ‘_CharT2*’ and ‘std::__cxx11::basic_string<char>’
   cin>>s;
        ^
In file included from /usr/include/c++/5/istream:934:0,
                 from /usr/include/c++/5/iostream:40,
                 from ../src/DaysInMonthCodeChef.cpp:9:
/usr/include/c++/5/bits/istream.tcc:923:5: note: candidate: template<class _CharT, class _Traits> std::basic_istream<_CharT, _Traits>& std::operator>>(std::basic_istream<_CharT, _Traits>&, _CharT&)
     operator>>(basic_istream<_CharT, _Traits>& __in, _CharT& __c)
     ^
/usr/include/c++/5/bits/istream.tcc:923:5: note:   template argument deduction/substitution failed:
../src/DaysInMonthCodeChef.cpp:22:8: note:   deduced conflicting types for parameter ‘_CharT’ (‘char’ and ‘const string {aka const std::__cxx11::basic_string<char>}’)
   cin>>s;
        ^
In file included from /usr/include/c++/5/iostream:40:0,
                 from ../src/DaysInMonthCodeChef.cpp:9:
/usr/include/c++/5/istream:756:5: note: candidate: template<class _Traits> std::basic_istream<char, _Traits>& std::operator>>(std::basic_istream<char, _Traits>&, unsigned char&)
     operator>>(basic_istream<char, _Traits>& __in, unsigned char& __c)
     ^
/usr/include/c++/5/istream:756:5: note:   template argument deduction/substitution failed:
../src/DaysInMonthCodeChef.cpp:22:8: note:   cannot convert ‘s’ (type ‘const string {aka const std::__cxx11::basic_string<char>}’) to type ‘unsigned char&’
   cin>>s;
        ^
In file included from /usr/include/c++/5/iostream:40:0,
                 from ../src/DaysInMonthCodeChef.cpp:9:
/usr/include/c++/5/istream:761:5: note: candidate: template<class _Traits> std::basic_istream<char, _Traits>& std::operator>>(std::basic_istream<char, _Traits>&, signed char&)
     operator>>(basic_istream<char, _Traits>& __in, signed char& __c)
     ^
/usr/include/c++/5/istream:761:5: note:   template argument deduction/substitution failed:
../src/DaysInMonthCodeChef.cpp:22:8: note:   cannot convert ‘s’ (type ‘const string {aka const std::__cxx11::basic_string<char>}’) to type ‘signed char&’
   cin>>s;
        ^
In file included from /usr/include/c++/5/iostream:40:0,
                 from ../src/DaysInMonthCodeChef.cpp:9:
/usr/include/c++/5/istream:803:5: note: candidate: template<class _Traits> std::basic_istream<char, _Traits>& std::operator>>(std::basic_istream<char, _Traits>&, unsigned char*)
     operator>>(basic_istream<char, _Traits>& __in, unsigned char* __s)
     ^
/usr/include/c++/5/istream:803:5: note:   template argument deduction/substitution failed:
../src/DaysInMonthCodeChef.cpp:22:8: note:   cannot convert ‘s’ (type ‘const string {aka const std::__cxx11::basic_string<char>}’) to type ‘unsigned char*’
   cin>>s;
        ^
In file included from /usr/include/c++/5/iostream:40:0,
                 from ../src/DaysInMonthCodeChef.cpp:9:
/usr/include/c++/5/istream:808:5: note: candidate: template<class _Traits> std::basic_istream<char, _Traits>& std::operator>>(std::basic_istream<char, _Traits>&, signed char*)
     operator>>(basic_istream<char, _Traits>& __in, signed char* __s)
     ^
/usr/include/c++/5/istream:808:5: note:   template argument deduction/substitution failed:
../src/DaysInMonthCodeChef.cpp:22:8: note:   cannot convert ‘s’ (type ‘const string {aka const std::__cxx11::basic_string<char>}’) to type ‘signed char*’
   cin>>s;
        ^
../src/DaysInMonthCodeChef.cpp:17:30: warning: unused variable ‘inp’ [-Wunused-variable]
  vector< pair<int,string> > *inp = new vector< pair<int,string> >;
                              ^
make: *** [src/DaysInMonthCodeChef.o] Error 1
18:04:59 **** Incremental Build of configuration Debug for project DaysInMonthCodeChef ****
make all 
Building file: ../src/DaysInMonthCodeChef.cpp
Invoking: GCC C++ Compiler
g++ -O0 -g3 -Wall -c -fmessage-length=0 -MMD -MP -MF"src/DaysInMonthCodeChef.d" -MT"src/DaysInMonthCodeChef.d" -o "src/DaysInMonthCodeChef.o" "../src/DaysInMonthCodeChef.cpp"
../src/DaysInMonthCodeChef.cpp: In function ‘int main()’:
../src/DaysInMonthCodeChef.cpp:17:30: warning: unused variable ‘inp’ [-Wunused-variable]
  vector< pair<int,string> > *inp = new vector< pair<int,string> >;
                              ^
Finished building: ../src/DaysInMonthCodeChef.cpp
 
Building target: DaysInMonthCodeChef
Invoking: GCC C++ Linker
g++  -o "DaysInMonthCodeChef"  ./src/DaysInMonthCodeChef.o   
Finished building target: DaysInMonthCodeChef
 
18:05:10 **** Incremental Build of configuration Debug for project DaysInMonthCodeChef ****
make all 
make: Nothing to be done for 'all'.
18:13:16 **** Incremental Build of configuration Debug for project DaysInMonthCodeChef ****
make all 
make: Nothing to be done for 'all'.
18:17:17 **** Incremental Build of configuration Debug for project DaysInMonthCodeChef ****
make all 
Building file: ../src/DaysInMonthCodeChef.cpp
Invoking: GCC C++ Compiler
g++ -O0 -g3 -Wall -c -fmessage-length=0 -MMD -MP -MF"src/DaysInMonthCodeChef.d" -MT"src/DaysInMonthCodeChef.d" -o "src/DaysInMonthCodeChef.o" "../src/DaysInMonthCodeChef.cpp"
../src/DaysInMonthCodeChef.cpp: In function ‘int main()’:
../src/DaysInMonthCodeChef.cpp:21:36: error: invalid cast from type ‘std::__cxx11::string {aka std::__cxx11::basic_string<char>}’ to type ‘int’
   inp->push_back(make_pair(int(date),start));
                                    ^
src/subdir.mk:18: recipe for target 'src/DaysInMonthCodeChef.o' failed
make: *** [src/DaysInMonthCodeChef.o] Error 1
18:17:52 **** Incremental Build of configuration Debug for project DaysInMonthCodeChef ****
make all 
Building file: ../src/DaysInMonthCodeChef.cpp
Invoking: GCC C++ Compiler
g++ -O0 -g3 -Wall -c -fmessage-length=0 -MMD -MP -MF"src/DaysInMonthCodeChef.d" -MT"src/DaysInMonthCodeChef.d" -o "src/DaysInMonthCodeChef.o" "../src/DaysInMonthCodeChef.cpp"
../src/DaysInMonthCodeChef.cpp: In function ‘int main()’:
../src/DaysInMonthCodeChef.cpp:21:36: error: invalid cast from type ‘std::__cxx11::string {aka std::__cxx11::basic_string<char>}’ to type ‘int’
   inp->push_back(make_pair(int(date),start));
                                    ^
make: *** [src/DaysInMonthCodeChef.o] Error 1
src/subdir.mk:18: recipe for target 'src/DaysInMonthCodeChef.o' failed
18:18:19 **** Incremental Build of configuration Debug for project DaysInMonthCodeChef ****
make all 
Building file: ../src/DaysInMonthCodeChef.cpp
Invoking: GCC C++ Compiler
g++ -O0 -g3 -Wall -c -fmessage-length=0 -MMD -MP -MF"src/DaysInMonthCodeChef.d" -MT"src/DaysInMonthCodeChef.d" -o "src/DaysInMonthCodeChef.o" "../src/DaysInMonthCodeChef.cpp"
../src/DaysInMonthCodeChef.cpp: In function ‘int main()’:
../src/DaysInMonthCodeChef.cpp:21:36: error: invalid cast from type ‘std::__cxx11::string {aka std::__cxx11::basic_string<char>}’ to type ‘int’
   inp->push_back(make_pair(int(date),start));
                                    ^
make: *** [src/DaysInMonthCodeChef.o] Error 1
src/subdir.mk:18: recipe for target 'src/DaysInMonthCodeChef.o' failed
18:19:59 **** Incremental Build of configuration Debug for project DaysInMonthCodeChef ****
make all 
Building file: ../src/DaysInMonthCodeChef.cpp
Invoking: GCC C++ Compiler
g++ -O0 -g3 -Wall -c -fmessage-length=0 -MMD -MP -MF"src/DaysInMonthCodeChef.d" -MT"src/DaysInMonthCodeChef.d" -o "src/DaysInMonthCodeChef.o" "../src/DaysInMonthCodeChef.cpp"
../src/DaysInMonthCodeChef.cpp: In function ‘int main()’:
../src/DaysInMonthCodeChef.cpp:21:36: error: invalid cast from type ‘std::__cxx11::string {aka std::__cxx11::basic_string<char>}’ to type ‘int’
   inp->push_back(make_pair(int(date),start));
                                    ^
make: *** [src/DaysInMonthCodeChef.o] Error 1
src/subdir.mk:18: recipe for target 'src/DaysInMonthCodeChef.o' failed
18:21:06 **** Incremental Build of configuration Debug for project DaysInMonthCodeChef ****
make all 
Building file: ../src/DaysInMonthCodeChef.cpp
Invoking: GCC C++ Compiler
g++ -O0 -g3 -Wall -c -fmessage-length=0 -MMD -MP -MF"src/DaysInMonthCodeChef.d" -MT"src/DaysInMonthCodeChef.d" -o "src/DaysInMonthCodeChef.o" "../src/DaysInMonthCodeChef.cpp"
Finished building: ../src/DaysInMonthCodeChef.cpp
 
Building target: DaysInMonthCodeChef
Invoking: GCC C++ Linker
g++  -o "DaysInMonthCodeChef"  ./src/DaysInMonthCodeChef.o   
Finished building target: DaysInMonthCodeChef
 
18:21:34 **** Incremental Build of configuration Debug for project DaysInMonthCodeChef ****
make all 
Building file: ../src/DaysInMonthCodeChef.cpp
Invoking: GCC C++ Compiler
g++ -O0 -g3 -Wall -c -fmessage-length=0 -MMD -MP -MF"src/DaysInMonthCodeChef.d" -MT"src/DaysInMonthCodeChef.d" -o "src/DaysInMonthCodeChef.o" "../src/DaysInMonthCodeChef.cpp"
Finished building: ../src/DaysInMonthCodeChef.cpp
 
Building target: DaysInMonthCodeChef
Invoking: GCC C++ Linker
g++  -o "DaysInMonthCodeChef"  ./src/DaysInMonthCodeChef.o   
Finished building target: DaysInMonthCodeChef
 
18:36:11 **** Incremental Build of configuration Debug for project DaysInMonthCodeChef ****
make all 
Building file: ../src/DaysInMonthCodeChef.cpp
Invoking: GCC C++ Compiler
g++ -O0 -g3 -Wall -c -fmessage-length=0 -MMD -MP -MF"src/DaysInMonthCodeChef.d" -MT"src/DaysInMonthCodeChef.d" -o "src/DaysInMonthCodeChef.o" "../src/DaysInMonthCodeChef.cpp"
../src/DaysInMonthCodeChef.cpp:15:7: warning: multi-character character constant [-Wmultichar]
  case 'Mon' :
       ^
../src/DaysInMonthCodeChef.cpp:17:7: warning: multi-character character constant [-Wmultichar]
  case 'Tue':
       ^
../src/DaysInMonthCodeChef.cpp:19:7: warning: multi-character character constant [-Wmultichar]
  case 'Wed' :
       ^
../src/DaysInMonthCodeChef.cpp:21:7: warning: multi-character character constant [-Wmultichar]
  case 'Thu':
       ^
../src/DaysInMonthCodeChef.cpp:23:7: warning: multi-character character constant [-Wmultichar]
  case 'Fri' :
       ^
../src/DaysInMonthCodeChef.cpp:25:7: warning: multi-character character constant [-Wmultichar]
  case 'Sat':
       ^
../src/DaysInMonthCodeChef.cpp:27:7: warning: multi-character character constant [-Wmultichar]
  case 'Sun' :
       ^
../src/DaysInMonthCodeChef.cpp: In function ‘int findDayDigit(std::__cxx11::string)’:
../src/DaysInMonthCodeChef.cpp:14:12: error: switch quantity not an integer
  switch(day) {
            ^
../src/DaysInMonthCodeChef.cpp: In function ‘void outputDays(std::pair<int, std::__cxx11::basic_string<char> >)’:
../src/DaysInMonthCodeChef.cpp:47:6: warning: ‘auto’ changes meaning in C++11; please remove it [-Wc++0x-compat]
  for(auto it=month->begin();it!=month->end();++it){
      ^
../src/DaysInMonthCodeChef.cpp:47:11: error: ‘it’ does not name a type
  for(auto it=month->begin();it!=month->end();++it){
           ^
../src/DaysInMonthCodeChef.cpp:47:29: error: expected ‘;’ before ‘it’
  for(auto it=month->begin();it!=month->end();++it){
                             ^
../src/DaysInMonthCodeChef.cpp:47:29: error: ‘it’ was not declared in this scope
../src/DaysInMonthCodeChef.cpp: In function ‘int findDayDigit(std::__cxx11::string)’:
../src/DaysInMonthCodeChef.cpp:33:1: warning: control reaches end of non-void function [-Wreturn-type]
 }
 ^
make: *** [src/DaysInMonthCodeChef.o] Error 1
src/subdir.mk:18: recipe for target 'src/DaysInMonthCodeChef.o' failed
18:37:11 **** Incremental Build of configuration Debug for project DaysInMonthCodeChef ****
make all 
Building file: ../src/DaysInMonthCodeChef.cpp
Invoking: GCC C++ Compiler
g++ -O0 -g3 -Wall -c -fmessage-length=0 -MMD -MP -MF"src/DaysInMonthCodeChef.d" -MT"src/DaysInMonthCodeChef.d" -o "src/DaysInMonthCodeChef.o" "../src/DaysInMonthCodeChef.cpp"
../src/DaysInMonthCodeChef.cpp:15:7: warning: multi-character character constant [-Wmultichar]
  case 'Mon' :
       ^
../src/DaysInMonthCodeChef.cpp:17:7: warning: multi-character character constant [-Wmultichar]
  case 'Tue':
       ^
../src/DaysInMonthCodeChef.cpp:19:7: warning: multi-character character constant [-Wmultichar]
  case 'Wed' :
       ^
../src/DaysInMonthCodeChef.cpp:21:7: warning: multi-character character constant [-Wmultichar]
  case 'Thu':
       ^
../src/DaysInMonthCodeChef.cpp:23:7: warning: multi-character character constant [-Wmultichar]
  case 'Fri' :
       ^
../src/DaysInMonthCodeChef.cpp:25:7: warning: multi-character character constant [-Wmultichar]
  case 'Sat':
       ^
../src/DaysInMonthCodeChef.cpp:27:7: warning: multi-character character constant [-Wmultichar]
  case 'Sun' :
       ^
../src/DaysInMonthCodeChef.cpp: In function ‘int findDayDigit(std::__cxx11::string)’:
../src/DaysInMonthCodeChef.cpp:14:12: error: switch quantity not an integer
  switch(day) {
            ^
../src/DaysInMonthCodeChef.cpp: In function ‘void outputDays(std::pair<int, std::__cxx11::basic_string<char> >)’:
../src/DaysInMonthCodeChef.cpp:47:6: warning: ‘auto’ changes meaning in C++11; please remove it [-Wc++0x-compat]
  for(auto it=month->begin();it!=month->end();++it){
      ^
../src/DaysInMonthCodeChef.cpp:47:11: error: ‘it’ does not name a type
  for(auto it=month->begin();it!=month->end();++it){
           ^
../src/DaysInMonthCodeChef.cpp:47:29: error: expected ‘;’ before ‘it’
  for(auto it=month->begin();it!=month->end();++it){
                             ^
../src/DaysInMonthCodeChef.cpp:47:29: error: ‘it’ was not declared in this scope
../src/DaysInMonthCodeChef.cpp: In function ‘int findDayDigit(std::__cxx11::string)’:
../src/DaysInMonthCodeChef.cpp:33:1: warning: control reaches end of non-void function [-Wreturn-type]
 }
 ^
src/subdir.mk:18: recipe for target 'src/DaysInMonthCodeChef.o' failed
make: *** [src/DaysInMonthCodeChef.o] Error 1
18:37:23 **** Incremental Build of configuration Debug for project DaysInMonthCodeChef ****
make all 
Building file: ../src/DaysInMonthCodeChef.cpp
Invoking: GCC C++ Compiler
g++ -O0 -g3 -Wall -c -fmessage-length=0 -MMD -MP -MF"src/DaysInMonthCodeChef.d" -MT"src/DaysInMonthCodeChef.d" -o "src/DaysInMonthCodeChef.o" "../src/DaysInMonthCodeChef.cpp"
../src/DaysInMonthCodeChef.cpp: In function ‘int findDayDigit(std::__cxx11::string)’:
../src/DaysInMonthCodeChef.cpp:14:12: error: switch quantity not an integer
  switch(day) {
            ^
../src/DaysInMonthCodeChef.cpp: In function ‘void outputDays(std::pair<int, std::__cxx11::basic_string<char> >)’:
../src/DaysInMonthCodeChef.cpp:47:6: warning: ‘auto’ changes meaning in C++11; please remove it [-Wc++0x-compat]
  for(auto it=month->begin();it!=month->end();++it){
      ^
../src/DaysInMonthCodeChef.cpp:47:11: error: ‘it’ does not name a type
  for(auto it=month->begin();it!=month->end();++it){
           ^
../src/DaysInMonthCodeChef.cpp:47:29: error: expected ‘;’ before ‘it’
  for(auto it=month->begin();it!=month->end();++it){
                             ^
../src/DaysInMonthCodeChef.cpp:47:29: error: ‘it’ was not declared in this scope
../src/DaysInMonthCodeChef.cpp: In function ‘int findDayDigit(std::__cxx11::string)’:
../src/DaysInMonthCodeChef.cpp:33:1: warning: control reaches end of non-void function [-Wreturn-type]
 }
 ^
make: *** [src/DaysInMonthCodeChef.o] Error 1
src/subdir.mk:18: recipe for target 'src/DaysInMonthCodeChef.o' failed
18:40:42 **** Incremental Build of configuration Debug for project DaysInMonthCodeChef ****
make all 
Building file: ../src/DaysInMonthCodeChef.cpp
Invoking: GCC C++ Compiler
g++ -O0 -g3 -Wall -c -fmessage-length=0 -MMD -MP -MF"src/DaysInMonthCodeChef.d" -MT"src/DaysInMonthCodeChef.d" -o "src/DaysInMonthCodeChef.o" "../src/DaysInMonthCodeChef.cpp"
../src/DaysInMonthCodeChef.cpp: In function ‘int findDayDigit(std::__cxx11::string)’:
../src/DaysInMonthCodeChef.cpp:14:12: error: switch quantity not an integer
  switch(day) {
            ^
../src/DaysInMonthCodeChef.cpp: In function ‘void outputDays(std::pair<int, std::__cxx11::basic_string<char> >)’:
../src/DaysInMonthCodeChef.cpp:47:6: warning: ‘auto’ changes meaning in C++11; please remove it [-Wc++0x-compat]
  for(auto it=month->begin();it!=month->end();++it){
      ^
../src/DaysInMonthCodeChef.cpp:47:11: error: ‘it’ does not name a type
  for(auto it=month->begin();it!=month->end();++it){
           ^
../src/DaysInMonthCodeChef.cpp:47:29: error: expected ‘;’ before ‘it’
  for(auto it=month->begin();it!=month->end();++it){
                             ^
../src/DaysInMonthCodeChef.cpp:47:29: error: ‘it’ was not declared in this scope
../src/DaysInMonthCodeChef.cpp: In function ‘int findDayDigit(std::__cxx11::string)’:
../src/DaysInMonthCodeChef.cpp:33:1: warning: control reaches end of non-void function [-Wreturn-type]
 }
 ^
make: *** [src/DaysInMonthCodeChef.o] Error 1
src/subdir.mk:18: recipe for target 'src/DaysInMonthCodeChef.o' failed
18:41:11 **** Incremental Build of configuration Debug for project DaysInMonthCodeChef ****
make all 
Building file: ../src/DaysInMonthCodeChef.cpp
Invoking: GCC C++ Compiler
g++ -O0 -g3 -Wall -c -fmessage-length=0 -MMD -MP -MF"src/DaysInMonthCodeChef.d" -MT"src/DaysInMonthCodeChef.d" -o "src/DaysInMonthCodeChef.o" "../src/DaysInMonthCodeChef.cpp"
../src/DaysInMonthCodeChef.cpp: In function ‘int findDayDigit(std::__cxx11::string)’:
../src/DaysInMonthCodeChef.cpp:14:12: error: switch quantity not an integer
  switch(day) {
            ^
../src/DaysInMonthCodeChef.cpp: In function ‘void outputDays(std::pair<int, std::__cxx11::basic_string<char> >)’:
../src/DaysInMonthCodeChef.cpp:47:6: warning: ‘auto’ changes meaning in C++11; please remove it [-Wc++0x-compat]
  for(auto it=month->begin();it!=month->end();++it){
      ^
../src/DaysInMonthCodeChef.cpp:47:11: error: ‘it’ does not name a type
  for(auto it=month->begin();it!=month->end();++it){
           ^
../src/DaysInMonthCodeChef.cpp:47:29: error: expected ‘;’ before ‘it’
  for(auto it=month->begin();it!=month->end();++it){
                             ^
../src/DaysInMonthCodeChef.cpp:47:29: error: ‘it’ was not declared in this scope
../src/DaysInMonthCodeChef.cpp: In function ‘int findDayDigit(std::__cxx11::string)’:
../src/DaysInMonthCodeChef.cpp:33:1: warning: control reaches end of non-void function [-Wreturn-type]
 }
 ^
src/subdir.mk:18: recipe for target 'src/DaysInMonthCodeChef.o' failed
make: *** [src/DaysInMonthCodeChef.o] Error 1
18:41:17 **** Incremental Build of configuration Debug for project DaysInMonthCodeChef ****
make all 
Building file: ../src/DaysInMonthCodeChef.cpp
Invoking: GCC C++ Compiler
g++ -O0 -g3 -Wall -c -fmessage-length=0 -MMD -MP -MF"src/DaysInMonthCodeChef.d" -MT"src/DaysInMonthCodeChef.d" -o "src/DaysInMonthCodeChef.o" "../src/DaysInMonthCodeChef.cpp"
../src/DaysInMonthCodeChef.cpp: In function ‘int findDayDigit(std::__cxx11::string)’:
../src/DaysInMonthCodeChef.cpp:14:12: error: switch quantity not an integer
  switch(day) {
            ^
../src/DaysInMonthCodeChef.cpp: In function ‘void outputDays(std::pair<int, std::__cxx11::basic_string<char> >)’:
../src/DaysInMonthCodeChef.cpp:47:6: warning: ‘auto’ changes meaning in C++11; please remove it [-Wc++0x-compat]
  for(auto it=month->begin();it!=month->end();++it){
      ^
../src/DaysInMonthCodeChef.cpp:47:11: error: ‘it’ does not name a type
  for(auto it=month->begin();it!=month->end();++it){
           ^
../src/DaysInMonthCodeChef.cpp:47:29: error: expected ‘;’ before ‘it’
  for(auto it=month->begin();it!=month->end();++it){
                             ^
../src/DaysInMonthCodeChef.cpp:47:29: error: ‘it’ was not declared in this scope
../src/DaysInMonthCodeChef.cpp: In function ‘int findDayDigit(std::__cxx11::string)’:
../src/DaysInMonthCodeChef.cpp:33:1: warning: control reaches end of non-void function [-Wreturn-type]
 }
 ^
make: *** [src/DaysInMonthCodeChef.o] Error 1
src/subdir.mk:18: recipe for target 'src/DaysInMonthCodeChef.o' failed
18:41:33 **** Incremental Build of configuration Debug for project DaysInMonthCodeChef ****
make all 
Building file: ../src/DaysInMonthCodeChef.cpp
Invoking: GCC C++ Compiler
g++ -O0 -g3 -Wall -c -fmessage-length=0 -MMD -MP -MF"src/DaysInMonthCodeChef.d" -MT"src/DaysInMonthCodeChef.d" -o "src/DaysInMonthCodeChef.o" "../src/DaysInMonthCodeChef.cpp"
../src/DaysInMonthCodeChef.cpp: In function ‘int findDayDigit(std::__cxx11::string)’:
../src/DaysInMonthCodeChef.cpp:14:12: error: switch quantity not an integer
  switch(day) {
            ^
../src/DaysInMonthCodeChef.cpp: In function ‘void outputDays(std::pair<int, std::__cxx11::basic_string<char> >)’:
../src/DaysInMonthCodeChef.cpp:47:6: warning: ‘auto’ changes meaning in C++11; please remove it [-Wc++0x-compat]
  for(auto it=month->begin();it!=month->end();++it){
      ^
../src/DaysInMonthCodeChef.cpp:47:11: error: ‘it’ does not name a type
  for(auto it=month->begin();it!=month->end();++it){
           ^
../src/DaysInMonthCodeChef.cpp:47:29: error: expected ‘;’ before ‘it’
  for(auto it=month->begin();it!=month->end();++it){
                             ^
../src/DaysInMonthCodeChef.cpp:47:29: error: ‘it’ was not declared in this scope
../src/DaysInMonthCodeChef.cpp: In function ‘int findDayDigit(std::__cxx11::string)’:
../src/DaysInMonthCodeChef.cpp:33:1: warning: control reaches end of non-void function [-Wreturn-type]
 }
 ^
src/subdir.mk:18: recipe for target 'src/DaysInMonthCodeChef.o' failed
make: *** [src/DaysInMonthCodeChef.o] Error 1
18:42:18 **** Incremental Build of configuration Debug for project DaysInMonthCodeChef ****
make all 
Building file: ../src/DaysInMonthCodeChef.cpp
Invoking: GCC C++ Compiler
g++ -O0 -g3 -Wall -c -fmessage-length=0 -MMD -MP -MF"src/DaysInMonthCodeChef.d" -MT"src/DaysInMonthCodeChef.d" -o "src/DaysInMonthCodeChef.o" "../src/DaysInMonthCodeChef.cpp"
../src/DaysInMonthCodeChef.cpp: In function ‘void outputDays(std::pair<int, std::__cxx11::basic_string<char> >)’:
../src/DaysInMonthCodeChef.cpp:45:6: warning: ‘auto’ changes meaning in C++11; please remove it [-Wc++0x-compat]
  for(auto it=month->begin();it!=month->end();++it){
      ^
../src/DaysInMonthCodeChef.cpp:45:11: error: ‘it’ does not name a type
  for(auto it=month->begin();it!=month->end();++it){
           ^
../src/DaysInMonthCodeChef.cpp:45:29: error: expected ‘;’ before ‘it’
  for(auto it=month->begin();it!=month->end();++it){
                             ^
../src/DaysInMonthCodeChef.cpp:45:29: error: ‘it’ was not declared in this scope
make: *** [src/DaysInMonthCodeChef.o] Error 1
src/subdir.mk:18: recipe for target 'src/DaysInMonthCodeChef.o' failed
18:43:12 **** Incremental Build of configuration Debug for project DaysInMonthCodeChef ****
make all 
Building file: ../src/DaysInMonthCodeChef.cpp
Invoking: GCC C++ Compiler
g++ -O0 -g3 -Wall -c -fmessage-length=0 -MMD -MP -MF"src/DaysInMonthCodeChef.d" -MT"src/DaysInMonthCodeChef.d" -o "src/DaysInMonthCodeChef.o" "../src/DaysInMonthCodeChef.cpp"
../src/DaysInMonthCodeChef.cpp: In function ‘void outputDays(std::pair<int, std::__cxx11::basic_string<char> >)’:
../src/DaysInMonthCodeChef.cpp:45:6: warning: ‘auto’ changes meaning in C++11; please remove it [-Wc++0x-compat]
  for(auto *it=month->begin();it!=month->end();++it){
      ^
../src/DaysInMonthCodeChef.cpp:45:12: error: ISO C++ forbids declaration of ‘it’ with no type [-fpermissive]
  for(auto *it=month->begin();it!=month->end();++it){
            ^
../src/DaysInMonthCodeChef.cpp:45:28: error: cannot convert ‘std::vector<int>::iterator {aka __gnu_cxx::__normal_iterator<int*, std::vector<int> >}’ to ‘int*’ in initialization
  for(auto *it=month->begin();it!=month->end();++it){
                            ^
../src/DaysInMonthCodeChef.cpp:45:32: error: no match for ‘operator!=’ (operand types are ‘int*’ and ‘std::vector<int>::iterator {aka __gnu_cxx::__normal_iterator<int*, std::vector<int> >}’)
  for(auto *it=month->begin();it!=month->end();++it){
                                ^
In file included from /usr/include/c++/5/iosfwd:40:0,
                 from /usr/include/c++/5/ios:38,
                 from /usr/include/c++/5/ostream:38,
                 from /usr/include/c++/5/iostream:39,
                 from ../src/DaysInMonthCodeChef.cpp:9:
/usr/include/c++/5/bits/postypes.h:221:5: note: candidate: template<class _StateT> bool std::operator!=(const std::fpos<_StateT>&, const std::fpos<_StateT>&)
     operator!=(const fpos<_StateT>& __lhs, const fpos<_StateT>& __rhs)
     ^
/usr/include/c++/5/bits/postypes.h:221:5: note:   template argument deduction/substitution failed:
../src/DaysInMonthCodeChef.cpp:45:45: note:   mismatched types ‘const std::fpos<_StateT>’ and ‘int*’
  for(auto *it=month->begin();it!=month->end();++it){
                                             ^
In file included from /usr/include/c++/5/bits/stl_algobase.h:64:0,
                 from /usr/include/c++/5/bits/char_traits.h:39,
                 from /usr/include/c++/5/ios:40,
                 from /usr/include/c++/5/ostream:38,
                 from /usr/include/c++/5/iostream:39,
                 from ../src/DaysInMonthCodeChef.cpp:9:
/usr/include/c++/5/bits/stl_pair.h:227:5: note: candidate: template<class _T1, class _T2> bool std::operator!=(const std::pair<_T1, _T2>&, const std::pair<_T1, _T2>&)
     operator!=(const pair<_T1, _T2>& __x, const pair<_T1, _T2>& __y)
     ^
/usr/include/c++/5/bits/stl_pair.h:227:5: note:   template argument deduction/substitution failed:
../src/DaysInMonthCodeChef.cpp:45:45: note:   mismatched types ‘const std::pair<_T1, _T2>’ and ‘int*’
  for(auto *it=month->begin();it!=month->end();++it){
                                             ^
In file included from /usr/include/c++/5/bits/stl_algobase.h:67:0,
                 from /usr/include/c++/5/bits/char_traits.h:39,
                 from /usr/include/c++/5/ios:40,
                 from /usr/include/c++/5/ostream:38,
                 from /usr/include/c++/5/iostream:39,
                 from ../src/DaysInMonthCodeChef.cpp:9:
/usr/include/c++/5/bits/stl_iterator.h:304:5: note: candidate: template<class _Iterator> bool std::operator!=(const std::reverse_iterator<_Iterator>&, const std::reverse_iterator<_Iterator>&)
     operator!=(const reverse_iterator<_Iterator>& __x,
     ^
/usr/include/c++/5/bits/stl_iterator.h:304:5: note:   template argument deduction/substitution failed:
../src/DaysInMonthCodeChef.cpp:45:45: note:   mismatched types ‘const std::reverse_iterator<_Iterator>’ and ‘int*’
  for(auto *it=month->begin();it!=month->end();++it){
                                             ^
In file included from /usr/include/c++/5/bits/stl_algobase.h:67:0,
                 from /usr/include/c++/5/bits/char_traits.h:39,
                 from /usr/include/c++/5/ios:40,
                 from /usr/include/c++/5/ostream:38,
                 from /usr/include/c++/5/iostream:39,
                 from ../src/DaysInMonthCodeChef.cpp:9:
/usr/include/c++/5/bits/stl_iterator.h:354:5: note: candidate: template<class _IteratorL, class _IteratorR> bool std::operator!=(const std::reverse_iterator<_Iterator>&, const std::reverse_iterator<_IteratorR>&)
     operator!=(const reverse_iterator<_IteratorL>& __x,
     ^
/usr/include/c++/5/bits/stl_iterator.h:354:5: note:   template argument deduction/substitution failed:
../src/DaysInMonthCodeChef.cpp:45:45: note:   mismatched types ‘const std::reverse_iterator<_Iterator>’ and ‘int*’
  for(auto *it=month->begin();it!=month->end();++it){
                                             ^
In file included from /usr/include/c++/5/string:41:0,
                 from /usr/include/c++/5/bits/locale_classes.h:40,
                 from /usr/include/c++/5/bits/ios_base.h:41,
                 from /usr/include/c++/5/ios:42,
                 from /usr/include/c++/5/ostream:38,
                 from /usr/include/c++/5/iostream:39,
                 from ../src/DaysInMonthCodeChef.cpp:9:
/usr/include/c++/5/bits/allocator.h:140:5: note: candidate: template<class _T1, class _T2> bool std::operator!=(const std::allocator<_CharT>&, const std::allocator<_T2>&)
     operator!=(const allocator<_T1>&, const allocator<_T2>&)
     ^
/usr/include/c++/5/bits/allocator.h:140:5: note:   template argument deduction/substitution failed:
../src/DaysInMonthCodeChef.cpp:45:45: note:   mismatched types ‘const std::allocator<_CharT>’ and ‘int*’
  for(auto *it=month->begin();it!=month->end();++it){
                                             ^
In file included from /usr/include/c++/5/string:41:0,
                 from /usr/include/c++/5/bits/locale_classes.h:40,
                 from /usr/include/c++/5/bits/ios_base.h:41,
                 from /usr/include/c++/5/ios:42,
                 from /usr/include/c++/5/ostream:38,
                 from /usr/include/c++/5/iostream:39,
                 from ../src/DaysInMonthCodeChef.cpp:9:
/usr/include/c++/5/bits/allocator.h:146:5: note: candidate: template<class _Tp> bool std::operator!=(const std::allocator<_CharT>&, const std::allocator<_CharT>&)
     operator!=(const allocator<_Tp>&, const allocator<_Tp>&)
     ^
/usr/include/c++/5/bits/allocator.h:146:5: note:   template argument deduction/substitution failed:
../src/DaysInMonthCodeChef.cpp:45:45: note:   mismatched types ‘const std::allocator<_CharT>’ and ‘int*’
  for(auto *it=month->begin();it!=month->end();++it){
                                             ^
In file included from /usr/include/c++/5/string:52:0,
                 from /usr/include/c++/5/bits/locale_classes.h:40,
                 from /usr/include/c++/5/bits/ios_base.h:41,
                 from /usr/include/c++/5/ios:42,
                 from /usr/include/c++/5/ostream:38,
                 from /usr/include/c++/5/iostream:39,
                 from ../src/DaysInMonthCodeChef.cpp:9:
/usr/include/c++/5/bits/basic_string.h:4950:5: note: candidate: template<class _CharT, class _Traits, class _Alloc> bool std::operator!=(const std::__cxx11::basic_string<_CharT, _Traits, _Alloc>&, const std::__cxx11::basic_string<_CharT, _Traits, _Alloc>&)
     operator!=(const basic_string<_CharT, _Traits, _Alloc>& __lhs,
     ^
/usr/include/c++/5/bits/basic_string.h:4950:5: note:   template argument deduction/substitution failed:
../src/DaysInMonthCodeChef.cpp:45:45: note:   mismatched types ‘const std::__cxx11::basic_string<_CharT, _Traits, _Alloc>’ and ‘int*’
  for(auto *it=month->begin();it!=month->end();++it){
                                             ^
In file included from /usr/include/c++/5/string:52:0,
                 from /usr/include/c++/5/bits/locale_classes.h:40,
                 from /usr/include/c++/5/bits/ios_base.h:41,
                 from /usr/include/c++/5/ios:42,
                 from /usr/include/c++/5/ostream:38,
                 from /usr/include/c++/5/iostream:39,
                 from ../src/DaysInMonthCodeChef.cpp:9:
/usr/include/c++/5/bits/basic_string.h:4962:5: note: candidate: template<class _CharT, class _Traits, class _Alloc> bool std::operator!=(const _CharT*, const std::__cxx11::basic_string<_CharT, _Traits, _Alloc>&)
     operator!=(const _CharT* __lhs,
     ^
/usr/include/c++/5/bits/basic_string.h:4962:5: note:   template argument deduction/substitution failed:
../src/DaysInMonthCodeChef.cpp:45:45: note:   ‘std::vector<int>::iterator {aka __gnu_cxx::__normal_iterator<int*, std::vector<int> >}’ is not derived from ‘const std::__cxx11::basic_string<_CharT, _Traits, _Alloc>’
  for(auto *it=month->begin();it!=month->end();++it){
                                             ^
In file included from /usr/include/c++/5/string:52:0,
                 from /usr/include/c++/5/bits/locale_classes.h:40,
                 from /usr/include/c++/5/bits/ios_base.h:41,
                 from /usr/include/c++/5/ios:42,
                 from /usr/include/c++/5/ostream:38,
                 from /usr/include/c++/5/iostream:39,
                 from ../src/DaysInMonthCodeChef.cpp:9:
/usr/include/c++/5/bits/basic_string.h:4974:5: note: candidate: template<class _CharT, class _Traits, class _Alloc> bool std::operator!=(const std::__cxx11::basic_string<_CharT, _Traits, _Alloc>&, const _CharT*)
     operator!=(const basic_string<_CharT, _Traits, _Alloc>& __lhs,
     ^
/usr/include/c++/5/bits/basic_string.h:4974:5: note:   template argument deduction/substitution failed:
../src/DaysInMonthCodeChef.cpp:45:45: note:   mismatched types ‘const std::__cxx11::basic_string<_CharT, _Traits, _Alloc>’ and ‘int*’
  for(auto *it=month->begin();it!=month->end();++it){
                                             ^
In file included from /usr/include/c++/5/bits/locale_facets.h:48:0,
                 from /usr/include/c++/5/bits/basic_ios.h:37,
                 from /usr/include/c++/5/ios:44,
                 from /usr/include/c++/5/ostream:38,
                 from /usr/include/c++/5/iostream:39,
                 from ../src/DaysInMonthCodeChef.cpp:9:
/usr/include/c++/5/bits/streambuf_iterator.h:210:5: note: candidate: template<class _CharT, class _Traits> bool std::operator!=(const std::istreambuf_iterator<_CharT, _Traits>&, const std::istreambuf_iterator<_CharT, _Traits>&)
     operator!=(const istreambuf_iterator<_CharT, _Traits>& __a,
     ^
/usr/include/c++/5/bits/streambuf_iterator.h:210:5: note:   template argument deduction/substitution failed:
../src/DaysInMonthCodeChef.cpp:45:45: note:   mismatched types ‘const std::istreambuf_iterator<_CharT, _Traits>’ and ‘int*’
  for(auto *it=month->begin();it!=month->end();++it){
                                             ^
In file included from /usr/include/c++/5/vector:64:0,
                 from ../src/DaysInMonthCodeChef.cpp:10:
/usr/include/c++/5/bits/stl_vector.h:1535:5: note: candidate: template<class _Tp, class _Alloc> bool std::operator!=(const std::vector<_Tp, _Alloc>&, const std::vector<_Tp, _Alloc>&)
     operator!=(const vector<_Tp, _Alloc>& __x, const vector<_Tp, _Alloc>& __y)
     ^
/usr/include/c++/5/bits/stl_vector.h:1535:5: note:   template argument deduction/substitution failed:
../src/DaysInMonthCodeChef.cpp:45:45: note:   mismatched types ‘const std::vector<_Tp, _Alloc>’ and ‘int*’
  for(auto *it=month->begin();it!=month->end();++it){
                                             ^
In file included from /usr/include/x86_64-linux-gnu/c++/5/bits/c++allocator.h:33:0,
                 from /usr/include/c++/5/bits/allocator.h:46,
                 from /usr/include/c++/5/string:41,
                 from /usr/include/c++/5/bits/locale_classes.h:40,
                 from /usr/include/c++/5/bits/ios_base.h:41,
                 from /usr/include/c++/5/ios:42,
                 from /usr/include/c++/5/ostream:38,
                 from /usr/include/c++/5/iostream:39,
                 from ../src/DaysInMonthCodeChef.cpp:9:
/usr/include/c++/5/ext/new_allocator.h:144:5: note: candidate: template<class _Tp> bool __gnu_cxx::operator!=(const __gnu_cxx::new_allocator<_Tp>&, const __gnu_cxx::new_allocator<_Tp>&)
     operator!=(const new_allocator<_Tp>&, const new_allocator<_Tp>&)
     ^
/usr/include/c++/5/ext/new_allocator.h:144:5: note:   template argument deduction/substitution failed:
../src/DaysInMonthCodeChef.cpp:45:45: note:   mismatched types ‘const __gnu_cxx::new_allocator<_Tp>’ and ‘int*’
  for(auto *it=month->begin();it!=month->end();++it){
                                             ^
In file included from /usr/include/c++/5/bits/stl_algobase.h:67:0,
                 from /usr/include/c++/5/bits/char_traits.h:39,
                 from /usr/include/c++/5/ios:40,
                 from /usr/include/c++/5/ostream:38,
                 from /usr/include/c++/5/iostream:39,
                 from ../src/DaysInMonthCodeChef.cpp:9:
/usr/include/c++/5/bits/stl_iterator.h:841:5: note: candidate: template<class _Iterator, class _Container> bool __gnu_cxx::operator!=(const __gnu_cxx::__normal_iterator<_Iterator, _Container>&, const __gnu_cxx::__normal_iterator<_Iterator, _Container>&)
     operator!=(const __normal_iterator<_Iterator, _Container>& __lhs,
     ^
/usr/include/c++/5/bits/stl_iterator.h:841:5: note:   template argument deduction/substitution failed:
../src/DaysInMonthCodeChef.cpp:45:45: note:   mismatched types ‘const __gnu_cxx::__normal_iterator<_Iterator, _Container>’ and ‘int*’
  for(auto *it=month->begin();it!=month->end();++it){
                                             ^
In file included from /usr/include/c++/5/bits/stl_algobase.h:67:0,
                 from /usr/include/c++/5/bits/char_traits.h:39,
                 from /usr/include/c++/5/ios:40,
                 from /usr/include/c++/5/ostream:38,
                 from /usr/include/c++/5/iostream:39,
                 from ../src/DaysInMonthCodeChef.cpp:9:
/usr/include/c++/5/bits/stl_iterator.h:834:5: note: candidate: template<class _IteratorL, class _IteratorR, class _Container> bool __gnu_cxx::operator!=(const __gnu_cxx::__normal_iterator<_IteratorL, _Container>&, const __gnu_cxx::__normal_iterator<_IteratorR, _Container>&)
     operator!=(const __normal_iterator<_IteratorL, _Container>& __lhs,
     ^
/usr/include/c++/5/bits/stl_iterator.h:834:5: note:   template argument deduction/substitution failed:
../src/DaysInMonthCodeChef.cpp:45:45: note:   mismatched types ‘const __gnu_cxx::__normal_iterator<_IteratorL, _Container>’ and ‘int*’
  for(auto *it=month->begin();it!=month->end();++it){
                                             ^
src/subdir.mk:18: recipe for target 'src/DaysInMonthCodeChef.o' failed
make: *** [src/DaysInMonthCodeChef.o] Error 1
18:43:31 **** Incremental Build of configuration Debug for project DaysInMonthCodeChef ****
make all 
Building file: ../src/DaysInMonthCodeChef.cpp
Invoking: GCC C++ Compiler
g++ -O0 -g3 -Wall -c -fmessage-length=0 -MMD -MP -MF"src/DaysInMonthCodeChef.d" -MT"src/DaysInMonthCodeChef.d" -o "src/DaysInMonthCodeChef.o" "../src/DaysInMonthCodeChef.cpp"
../src/DaysInMonthCodeChef.cpp: In function ‘void outputDays(std::pair<int, std::__cxx11::basic_string<char> >)’:
../src/DaysInMonthCodeChef.cpp:44:2: warning: ‘auto’ changes meaning in C++11; please remove it [-Wc++0x-compat]
  auto it;
  ^
../src/DaysInMonthCodeChef.cpp:44:7: error: ‘it’ does not name a type
  auto it;
       ^
../src/DaysInMonthCodeChef.cpp:45:6: error: ‘it’ was not declared in this scope
  for(it=month->begin();it!=month->end();++it){
      ^
src/subdir.mk:18: recipe for target 'src/DaysInMonthCodeChef.o' failed
make: *** [src/DaysInMonthCodeChef.o] Error 1
18:44:10 **** Incremental Build of configuration Debug for project DaysInMonthCodeChef ****
make all 
Building file: ../src/DaysInMonthCodeChef.cpp
Invoking: GCC C++ Compiler
g++ -O0 -g3 -Wall -c -fmessage-length=0 -MMD -MP -MF"src/DaysInMonthCodeChef.d" -MT"src/DaysInMonthCodeChef.d" -o "src/DaysInMonthCodeChef.o" "../src/DaysInMonthCodeChef.cpp"
Finished building: ../src/DaysInMonthCodeChef.cpp
 
Building target: DaysInMonthCodeChef
Invoking: GCC C++ Linker
g++  -o "DaysInMonthCodeChef"  ./src/DaysInMonthCodeChef.o   
Finished building target: DaysInMonthCodeChef
 
18:44:15 **** Incremental Build of configuration Debug for project DaysInMonthCodeChef ****
make all 
make: Nothing to be done for 'all'.
19:02:34 **** Incremental Build of configuration Debug for project DaysInMonthCodeChef ****
make all 
Building file: ../src/DaysInMonthCodeChef.cpp
Invoking: GCC C++ Compiler
g++ -O0 -g3 -Wall -c -fmessage-length=0 -MMD -MP -MF"src/DaysInMonthCodeChef.d" -MT"src/DaysInMonthCodeChef.d" -o "src/DaysInMonthCodeChef.o" "../src/DaysInMonthCodeChef.cpp"
Finished building: ../src/DaysInMonthCodeChef.cpp
 
Building target: DaysInMonthCodeChef
Invoking: GCC C++ Linker
g++  -o "DaysInMonthCodeChef"  ./src/DaysInMonthCodeChef.o   
Finished building target: DaysInMonthCodeChef
 
19:03:51 **** Incremental Build of configuration Debug for project DaysInMonthCodeChef ****
make all 
Building file: ../src/DaysInMonthCodeChef.cpp
Invoking: GCC C++ Compiler
g++ -O0 -g3 -Wall -c -fmessage-length=0 -MMD -MP -MF"src/DaysInMonthCodeChef.d" -MT"src/DaysInMonthCodeChef.d" -o "src/DaysInMonthCodeChef.o" "../src/DaysInMonthCodeChef.cpp"
Finished building: ../src/DaysInMonthCodeChef.cpp
 
Building target: DaysInMonthCodeChef
Invoking: GCC C++ Linker
g++  -o "DaysInMonthCodeChef"  ./src/DaysInMonthCodeChef.o   
Finished building target: DaysInMonthCodeChef
 
19:04:00 **** Incremental Build of configuration Debug for project DaysInMonthCodeChef ****
make all 
make: Nothing to be done for 'all'.
19:04:23 **** Incremental Build of configuration Debug for project DaysInMonthCodeChef ****
make all 
Building file: ../src/DaysInMonthCodeChef.cpp
Invoking: GCC C++ Compiler
g++ -O0 -g3 -Wall -c -fmessage-length=0 -MMD -MP -MF"src/DaysInMonthCodeChef.d" -MT"src/DaysInMonthCodeChef.d" -o "src/DaysInMonthCodeChef.o" "../src/DaysInMonthCodeChef.cpp"
Finished building: ../src/DaysInMonthCodeChef.cpp
 
Building target: DaysInMonthCodeChef
Invoking: GCC C++ Linker
g++  -o "DaysInMonthCodeChef"  ./src/DaysInMonthCodeChef.o   
Finished building target: DaysInMonthCodeChef
 
19:04:30 **** Incremental Build of configuration Debug for project DaysInMonthCodeChef ****
make all 
make: Nothing to be done for 'all'.
19:04:52 **** Incremental Build of configuration Debug for project DaysInMonthCodeChef ****
make all 
make: Nothing to be done for 'all'.
19:06:50 **** Incremental Build of configuration Debug for project DaysInMonthCodeChef ****
make all 
Building file: ../src/DaysInMonthCodeChef.cpp
Invoking: GCC C++ Compiler
g++ -O0 -g3 -Wall -c -fmessage-length=0 -MMD -MP -MF"src/DaysInMonthCodeChef.d" -MT"src/DaysInMonthCodeChef.d" -o "src/DaysInMonthCodeChef.o" "../src/DaysInMonthCodeChef.cpp"
Finished building: ../src/DaysInMonthCodeChef.cpp
 
Building target: DaysInMonthCodeChef
Invoking: GCC C++ Linker
g++  -o "DaysInMonthCodeChef"  ./src/DaysInMonthCodeChef.o   
Finished building target: DaysInMonthCodeChef
 
19:08:45 **** Incremental Build of configuration Debug for project DaysInMonthCodeChef ****
make all 
Building file: ../src/DaysInMonthCodeChef.cpp
Invoking: GCC C++ Compiler
g++ -O0 -g3 -Wall -c -fmessage-length=0 -MMD -MP -MF"src/DaysInMonthCodeChef.d" -MT"src/DaysInMonthCodeChef.d" -o "src/DaysInMonthCodeChef.o" "../src/DaysInMonthCodeChef.cpp"
Finished building: ../src/DaysInMonthCodeChef.cpp
 
Building target: DaysInMonthCodeChef
Invoking: GCC C++ Linker
g++  -o "DaysInMonthCodeChef"  ./src/DaysInMonthCodeChef.o   
Finished building target: DaysInMonthCodeChef
 
19:08:52 **** Incremental Build of configuration Debug for project DaysInMonthCodeChef ****
make all 
make: Nothing to be done for 'all'.
19:10:10 **** Incremental Build of configuration Debug for project DaysInMonthCodeChef ****
make all 
Building file: ../src/DaysInMonthCodeChef.cpp
Invoking: GCC C++ Compiler
g++ -O0 -g3 -Wall -c -fmessage-length=0 -MMD -MP -MF"src/DaysInMonthCodeChef.d" -MT"src/DaysInMonthCodeChef.d" -o "src/DaysInMonthCodeChef.o" "../src/DaysInMonthCodeChef.cpp"
Finished building: ../src/DaysInMonthCodeChef.cpp
 
Building target: DaysInMonthCodeChef
Invoking: GCC C++ Linker
g++  -o "DaysInMonthCodeChef"  ./src/DaysInMonthCodeChef.o   
Finished building target: DaysInMonthCodeChef
 
19:10:22 **** Incremental Build of configuration Debug for project DaysInMonthCodeChef ****
make all 
make: Nothing to be done for 'all'.
19:11:38 **** Incremental Build of configuration Debug for project DaysInMonthCodeChef ****
make all 
make: Nothing to be done for 'all'.
19:19:28 **** Incremental Build of configuration Debug for project DaysInMonthCodeChef ****
make all 
Building file: ../src/DaysInMonthCodeChef.cpp
Invoking: GCC C++ Compiler
g++ -O0 -g3 -Wall -c -fmessage-length=0 -MMD -MP -MF"src/DaysInMonthCodeChef.d" -MT"src/DaysInMonthCodeChef.d" -o "src/DaysInMonthCodeChef.o" "../src/DaysInMonthCodeChef.cpp"
Finished building: ../src/DaysInMonthCodeChef.cpp
 
Building target: DaysInMonthCodeChef
Invoking: GCC C++ Linker
g++  -o "DaysInMonthCodeChef"  ./src/DaysInMonthCodeChef.o   
Finished building target: DaysInMonthCodeChef
 
19:21:38 **** Incremental Build of configuration Debug for project DaysInMonthCodeChef ****
make all 
Building file: ../src/DaysInMonthCodeChef.cpp
Invoking: GCC C++ Compiler
g++ -O0 -g3 -Wall -c -fmessage-length=0 -MMD -MP -MF"src/DaysInMonthCodeChef.d" -MT"src/DaysInMonthCodeChef.d" -o "src/DaysInMonthCodeChef.o" "../src/DaysInMonthCodeChef.cpp"
Finished building: ../src/DaysInMonthCodeChef.cpp
 
Building target: DaysInMonthCodeChef
Invoking: GCC C++ Linker
g++  -o "DaysInMonthCodeChef"  ./src/DaysInMonthCodeChef.o   
Finished building target: DaysInMonthCodeChef
 
19:25:53 **** Incremental Build of configuration Debug for project DaysInMonthCodeChef ****
make all 
Building file: ../src/DaysInMonthCodeChef.cpp
Invoking: GCC C++ Compiler
g++ -O0 -g3 -Wall -c -fmessage-length=0 -MMD -MP -MF"src/DaysInMonthCodeChef.d" -MT"src/DaysInMonthCodeChef.d" -o "src/DaysInMonthCodeChef.o" "../src/DaysInMonthCodeChef.cpp"
Finished building: ../src/DaysInMonthCodeChef.cpp
 
Building target: DaysInMonthCodeChef
Invoking: GCC C++ Linker
g++  -o "DaysInMonthCodeChef"  ./src/DaysInMonthCodeChef.o   
Finished building target: DaysInMonthCodeChef
 
19:29:39 **** Incremental Build of configuration Debug for project DaysInMonthCodeChef ****
make all 
Building file: ../src/DaysInMonthCodeChef.cpp
Invoking: GCC C++ Compiler
g++ -O0 -g3 -Wall -c -fmessage-length=0 -MMD -MP -MF"src/DaysInMonthCodeChef.d" -MT"src/DaysInMonthCodeChef.d" -o "src/DaysInMonthCodeChef.o" "../src/DaysInMonthCodeChef.cpp"
../src/DaysInMonthCodeChef.cpp: In function ‘int findDayDigit(std::__cxx11::string)’:
../src/DaysInMonthCodeChef.cpp:16:17: error: no matching function for call to ‘toupper(std::__cxx11::string&)’
  if (toupper(day) == "Mon")
                 ^
In file included from /usr/include/c++/5/cctype:42:0,
                 from /usr/include/c++/5/bits/localefwd.h:42,
                 from /usr/include/c++/5/ios:41,
                 from /usr/include/c++/5/ostream:38,
                 from /usr/include/c++/5/iostream:39,
                 from ../src/DaysInMonthCodeChef.cpp:9:
/usr/include/ctype.h:127:12: note: candidate: int toupper(int)
 extern int toupper (int __c) __THROW;
            ^
/usr/include/ctype.h:127:12: note:   no known conversion for argument 1 from ‘std::__cxx11::string {aka std::__cxx11::basic_string<char>}’ to ‘int’
In file included from /usr/include/c++/5/bits/basic_ios.h:37:0,
                 from /usr/include/c++/5/ios:44,
                 from /usr/include/c++/5/ostream:38,
                 from /usr/include/c++/5/iostream:39,
                 from ../src/DaysInMonthCodeChef.cpp:9:
/usr/include/c++/5/bits/locale_facets.h:2639:5: note: candidate: template<class _CharT> _CharT std::toupper(_CharT, const std::locale&)
     toupper(_CharT __c, const locale& __loc)
     ^
/usr/include/c++/5/bits/locale_facets.h:2639:5: note:   template argument deduction/substitution failed:
../src/DaysInMonthCodeChef.cpp:16:17: note:   candidate expects 2 arguments, 1 provided
  if (toupper(day) == "Mon")
                 ^
src/subdir.mk:18: recipe for target 'src/DaysInMonthCodeChef.o' failed
make: *** [src/DaysInMonthCodeChef.o] Error 1
19:37:39 **** Incremental Build of configuration Debug for project DaysInMonthCodeChef ****
make all 
Building file: ../src/DaysInMonthCodeChef.cpp
Invoking: GCC C++ Compiler
g++ -O0 -g3 -Wall -c -fmessage-length=0 -MMD -MP -MF"src/DaysInMonthCodeChef.d" -MT"src/DaysInMonthCodeChef.d" -o "src/DaysInMonthCodeChef.o" "../src/DaysInMonthCodeChef.cpp"
../src/DaysInMonthCodeChef.cpp: In function ‘int findDayDigit(std::__cxx11::string)’:
../src/DaysInMonthCodeChef.cpp:16:55: error: no matching function for call to ‘transform(std::__cxx11::basic_string<char>::iterator, std::__cxx11::basic_string<char>::iterator, std::__cxx11::basic_string<char>::iterator, <unresolved overloaded function type>)’
  transform(day.begin(), day.begin(),day.end() ,toupper);
                                                       ^
In file included from /usr/include/c++/5/algorithm:62:0,
                 from ../src/DaysInMonthCodeChef.cpp:11:
/usr/include/c++/5/bits/stl_algo.h:4164:5: note: candidate: template<class _IIter, class _OIter, class _UnaryOperation> _OIter std::transform(_IIter, _IIter, _OIter, _UnaryOperation)
     transform(_InputIterator __first, _InputIterator __last,
     ^
/usr/include/c++/5/bits/stl_algo.h:4164:5: note:   template argument deduction/substitution failed:
../src/DaysInMonthCodeChef.cpp:16:55: note:   couldn't deduce template parameter ‘_UnaryOperation’
  transform(day.begin(), day.begin(),day.end() ,toupper);
                                                       ^
In file included from /usr/include/c++/5/algorithm:62:0,
                 from ../src/DaysInMonthCodeChef.cpp:11:
/usr/include/c++/5/bits/stl_algo.h:4201:5: note: candidate: template<class _IIter1, class _IIter2, class _OIter, class _BinaryOperation> _OIter std::transform(_IIter1, _IIter1, _IIter2, _OIter, _BinaryOperation)
     transform(_InputIterator1 __first1, _InputIterator1 __last1,
     ^
/usr/include/c++/5/bits/stl_algo.h:4201:5: note:   template argument deduction/substitution failed:
../src/DaysInMonthCodeChef.cpp:16:55: note:   candidate expects 5 arguments, 4 provided
  transform(day.begin(), day.begin(),day.end() ,toupper);
                                                       ^
src/subdir.mk:18: recipe for target 'src/DaysInMonthCodeChef.o' failed
make: *** [src/DaysInMonthCodeChef.o] Error 1
19:42:00 **** Incremental Build of configuration Debug for project DaysInMonthCodeChef ****
make all 
Building file: ../src/DaysInMonthCodeChef.cpp
Invoking: GCC C++ Compiler
g++ -O0 -g3 -Wall -c -fmessage-length=0 -MMD -MP -MF"src/DaysInMonthCodeChef.d" -MT"src/DaysInMonthCodeChef.d" -o "src/DaysInMonthCodeChef.o" "../src/DaysInMonthCodeChef.cpp"
../src/DaysInMonthCodeChef.cpp: In function ‘int findDayDigit(std::__cxx11::string)’:
../src/DaysInMonthCodeChef.cpp:16:99: warning: lambda expressions only available with -std=c++11 or -std=gnu++11
  std::transform(day.begin(), day.end(), day.begin(), [](unsigned char c){ return std::toupper(c); });
                                                                                                   ^
../src/DaysInMonthCodeChef.cpp:16:100: error: no matching function for call to ‘transform(std::__cxx11::basic_string<char>::iterator, std::__cxx11::basic_string<char>::iterator, std::__cxx11::basic_string<char>::iterator, findDayDigit(std::__cxx11::string)::<lambda(unsigned char)>)’
  std::transform(day.begin(), day.end(), day.begin(), [](unsigned char c){ return std::toupper(c); });
                                                                                                    ^
In file included from /usr/include/c++/5/algorithm:62:0,
                 from ../src/DaysInMonthCodeChef.cpp:11:
/usr/include/c++/5/bits/stl_algo.h:4164:5: note: candidate: template<class _IIter, class _OIter, class _UnaryOperation> _OIter std::transform(_IIter, _IIter, _OIter, _UnaryOperation)
     transform(_InputIterator __first, _InputIterator __last,
     ^
/usr/include/c++/5/bits/stl_algo.h:4164:5: note:   template argument deduction/substitution failed:
../src/DaysInMonthCodeChef.cpp: In substitution of ‘template<class _IIter, class _OIter, class _UnaryOperation> _OIter std::transform(_IIter, _IIter, _OIter, _UnaryOperation) [with _IIter = __gnu_cxx::__normal_iterator<char*, std::__cxx11::basic_string<char> >; _OIter = __gnu_cxx::__normal_iterator<char*, std::__cxx11::basic_string<char> >; _UnaryOperation = findDayDigit(std::__cxx11::string)::<lambda(unsigned char)>]’:
../src/DaysInMonthCodeChef.cpp:16:100:   required from here
../src/DaysInMonthCodeChef.cpp:16:100: error: template argument for ‘template<class _IIter, class _OIter, class _UnaryOperation> _OIter std::transform(_IIter, _IIter, _OIter, _UnaryOperation)’ uses local type ‘findDayDigit(std::__cxx11::string)::<lambda(unsigned char)>’
  std::transform(day.begin(), day.end(), day.begin(), [](unsigned char c){ return std::toupper(c); });
                                                                                                    ^
../src/DaysInMonthCodeChef.cpp:16:100: error:   trying to instantiate ‘template<class _IIter, class _OIter, class _UnaryOperation> _OIter std::transform(_IIter, _IIter, _OIter, _UnaryOperation)’
In file included from /usr/include/c++/5/algorithm:62:0,
                 from ../src/DaysInMonthCodeChef.cpp:11:
/usr/include/c++/5/bits/stl_algo.h:4201:5: note: candidate: template<class _IIter1, class _IIter2, class _OIter, class _BinaryOperation> _OIter std::transform(_IIter1, _IIter1, _IIter2, _OIter, _BinaryOperation)
     transform(_InputIterator1 __first1, _InputIterator1 __last1,
     ^
/usr/include/c++/5/bits/stl_algo.h:4201:5: note:   template argument deduction/substitution failed:
../src/DaysInMonthCodeChef.cpp:16:100: note:   candidate expects 5 arguments, 4 provided
  std::transform(day.begin(), day.end(), day.begin(), [](unsigned char c){ return std::toupper(c); });
                                                                                                    ^
src/subdir.mk:18: recipe for target 'src/DaysInMonthCodeChef.o' failed
make: *** [src/DaysInMonthCodeChef.o] Error 1
19:45:12 **** Incremental Build of configuration Debug for project DaysInMonthCodeChef ****
make all 
Building file: ../src/DaysInMonthCodeChef.cpp
Invoking: GCC C++ Compiler
g++ -O0 -g3 -Wall -c -fmessage-length=0 -MMD -MP -MF"src/DaysInMonthCodeChef.d" -MT"src/DaysInMonthCodeChef.d" -o "src/DaysInMonthCodeChef.o" "../src/DaysInMonthCodeChef.cpp"
Finished building: ../src/DaysInMonthCodeChef.cpp
 
Building target: DaysInMonthCodeChef
Invoking: GCC C++ Linker
g++  -o "DaysInMonthCodeChef"  ./src/DaysInMonthCodeChef.o   
Finished building target: DaysInMonthCodeChef
 
20:08:44 **** Incremental Build of configuration Debug for project DaysInMonthCodeChef ****
make all 
Building file: ../src/DaysInMonthCodeChef.cpp
Invoking: GCC C++ Compiler
g++ -O0 -g3 -Wall -c -fmessage-length=0 -MMD -MP -MF"src/DaysInMonthCodeChef.d" -MT"src/DaysInMonthCodeChef.d" -o "src/DaysInMonthCodeChef.o" "../src/DaysInMonthCodeChef.cpp"
Finished building: ../src/DaysInMonthCodeChef.cpp
 
Building target: DaysInMonthCodeChef
Invoking: GCC C++ Linker
g++  -o "DaysInMonthCodeChef"  ./src/DaysInMonthCodeChef.o   
Finished building target: DaysInMonthCodeChef
 
20:08:54 **** Incremental Build of configuration Debug for project DaysInMonthCodeChef ****
make all 
make: Nothing to be done for 'all'.
20:09:05 **** Incremental Build of configuration Debug for project DaysInMonthCodeChef ****
make all 
make: Nothing to be done for 'all'.
20:09:18 **** Incremental Build of configuration Debug for project DaysInMonthCodeChef ****
make all 
make: Nothing to be done for 'all'.
